[0.367s] DEBUG:colcon:Command line arguments: ['/usr/bin/colcon', 'build']
[0.367s] DEBUG:colcon:Parsed command line arguments: Namespace(log_base=None, log_level=None, verb_name='build', build_base='build', install_base='install', merge_install=False, symlink_install=False, test_result_base=None, continue_on_error=False, executor='parallel', parallel_workers=1, event_handlers=None, ignore_user_meta=False, metas=['./colcon.meta'], base_paths=['.'], packages_ignore=None, packages_ignore_regex=None, paths=None, packages_up_to=None, packages_up_to_regex=None, packages_above=None, packages_above_and_dependencies=None, packages_above_depth=None, packages_select_by_dep=None, packages_skip_by_dep=None, packages_skip_up_to=None, packages_select_build_failed=False, packages_skip_build_finished=False, packages_select_test_failures=False, packages_skip_test_passed=False, packages_select=None, packages_skip=None, packages_select_regex=None, packages_skip_regex=None, packages_start=None, packages_end=None, allow_overriding=[], cmake_args=None, cmake_target=None, cmake_target_skip_unavailable=False, cmake_clean_cache=False, cmake_clean_first=False, cmake_force_configure=False, ament_cmake_args=None, catkin_cmake_args=None, catkin_skip_building_tests=False, verb_parser=<colcon_defaults.argument_parser.defaults.DefaultArgumentsDecorator object at 0x7f2176f79120>, verb_extension=<colcon_core.verb.build.BuildVerb object at 0x7f217723abf0>, main=<bound method BuildVerb.main of <colcon_core.verb.build.BuildVerb object at 0x7f217723abf0>>)
[0.395s] Level 1:colcon.colcon_core.package_discovery:discover_packages(colcon_meta) check parameters
[0.396s] Level 1:colcon.colcon_core.package_discovery:discover_packages(recursive) check parameters
[0.396s] Level 1:colcon.colcon_core.package_discovery:discover_packages(ignore) check parameters
[0.396s] Level 1:colcon.colcon_core.package_discovery:discover_packages(path) check parameters
[0.396s] Level 1:colcon.colcon_core.package_discovery:discover_packages(colcon_meta) discover
[0.396s] Level 1:colcon.colcon_core.package_discovery:discover_packages(recursive) discover
[0.396s] INFO:colcon.colcon_core.package_discovery:Crawling recursively for packages in '/home/ubuntu/SDE_Interview_Prep/ROS2.0_Chess'
[0.396s] Level 1:colcon.colcon_core.package_identification:_identify(.) by extensions ['ignore', 'ignore_ament_install']
[0.396s] Level 1:colcon.colcon_core.package_identification:_identify(.) by extension 'ignore'
[0.397s] Level 1:colcon.colcon_core.package_identification:_identify(.) by extension 'ignore_ament_install'
[0.397s] Level 1:colcon.colcon_core.package_identification:_identify(.) by extensions ['colcon_pkg']
[0.397s] Level 1:colcon.colcon_core.package_identification:_identify(.) by extension 'colcon_pkg'
[0.397s] Level 1:colcon.colcon_core.package_identification:_identify(.) by extensions ['colcon_meta']
[0.397s] Level 1:colcon.colcon_core.package_identification:_identify(.) by extension 'colcon_meta'
[0.397s] Level 1:colcon.colcon_core.package_identification:_identify(.) by extensions ['ros']
[0.397s] Level 1:colcon.colcon_core.package_identification:_identify(.) by extension 'ros'
[0.421s] Level 1:colcon.colcon_core.package_identification:_identify(.) by extensions ['cmake', 'python']
[0.421s] Level 1:colcon.colcon_core.package_identification:_identify(.) by extension 'cmake'
[0.421s] Level 1:colcon.colcon_core.package_identification:_identify(.) by extension 'python'
[0.421s] Level 1:colcon.colcon_core.package_identification:_identify(.) by extensions ['python_setup_py']
[0.421s] Level 1:colcon.colcon_core.package_identification:_identify(.) by extension 'python_setup_py'
[0.422s] Level 1:colcon.colcon_core.package_identification:_identify(build) by extensions ['ignore', 'ignore_ament_install']
[0.422s] Level 1:colcon.colcon_core.package_identification:_identify(build) by extension 'ignore'
[0.422s] Level 1:colcon.colcon_core.package_identification:_identify(build) ignored
[0.422s] Level 1:colcon.colcon_core.package_identification:_identify(install) by extensions ['ignore', 'ignore_ament_install']
[0.422s] Level 1:colcon.colcon_core.package_identification:_identify(install) by extension 'ignore'
[0.422s] Level 1:colcon.colcon_core.package_identification:_identify(install) ignored
[0.423s] Level 1:colcon.colcon_core.package_identification:_identify(log) by extensions ['ignore', 'ignore_ament_install']
[0.423s] Level 1:colcon.colcon_core.package_identification:_identify(log) by extension 'ignore'
[0.423s] Level 1:colcon.colcon_core.package_identification:_identify(log) ignored
[0.423s] Level 1:colcon.colcon_core.package_identification:_identify(src) by extensions ['ignore', 'ignore_ament_install']
[0.423s] Level 1:colcon.colcon_core.package_identification:_identify(src) by extension 'ignore'
[0.423s] Level 1:colcon.colcon_core.package_identification:_identify(src) by extension 'ignore_ament_install'
[0.423s] Level 1:colcon.colcon_core.package_identification:_identify(src) by extensions ['colcon_pkg']
[0.423s] Level 1:colcon.colcon_core.package_identification:_identify(src) by extension 'colcon_pkg'
[0.424s] Level 1:colcon.colcon_core.package_identification:_identify(src) by extensions ['colcon_meta']
[0.424s] Level 1:colcon.colcon_core.package_identification:_identify(src) by extension 'colcon_meta'
[0.424s] Level 1:colcon.colcon_core.package_identification:_identify(src) by extensions ['ros']
[0.424s] Level 1:colcon.colcon_core.package_identification:_identify(src) by extension 'ros'
[0.424s] Level 1:colcon.colcon_core.package_identification:_identify(src) by extensions ['cmake', 'python']
[0.424s] Level 1:colcon.colcon_core.package_identification:_identify(src) by extension 'cmake'
[0.424s] Level 1:colcon.colcon_core.package_identification:_identify(src) by extension 'python'
[0.424s] Level 1:colcon.colcon_core.package_identification:_identify(src) by extensions ['python_setup_py']
[0.424s] Level 1:colcon.colcon_core.package_identification:_identify(src) by extension 'python_setup_py'
[0.425s] Level 1:colcon.colcon_core.package_identification:_identify(src/stockfish) by extensions ['ignore', 'ignore_ament_install']
[0.425s] Level 1:colcon.colcon_core.package_identification:_identify(src/stockfish) by extension 'ignore'
[0.425s] Level 1:colcon.colcon_core.package_identification:_identify(src/stockfish) by extension 'ignore_ament_install'
[0.425s] Level 1:colcon.colcon_core.package_identification:_identify(src/stockfish) by extensions ['colcon_pkg']
[0.425s] Level 1:colcon.colcon_core.package_identification:_identify(src/stockfish) by extension 'colcon_pkg'
[0.425s] Level 1:colcon.colcon_core.package_identification:_identify(src/stockfish) by extensions ['colcon_meta']
[0.425s] Level 1:colcon.colcon_core.package_identification:_identify(src/stockfish) by extension 'colcon_meta'
[0.425s] Level 1:colcon.colcon_core.package_identification:_identify(src/stockfish) by extensions ['ros']
[0.425s] Level 1:colcon.colcon_core.package_identification:_identify(src/stockfish) by extension 'ros'
[0.429s] DEBUG:colcon.colcon_core.package_identification:Package 'src/stockfish' with type 'ros.ament_cmake' and name 'stockfish'
[0.429s] Level 1:colcon.colcon_core.package_discovery:discover_packages(recursive) using defaults
[0.429s] Level 1:colcon.colcon_core.package_discovery:discover_packages(ignore) discover
[0.429s] Level 1:colcon.colcon_core.package_discovery:discover_packages(ignore) using defaults
[0.429s] Level 1:colcon.colcon_core.package_discovery:discover_packages(path) discover
[0.429s] Level 1:colcon.colcon_core.package_discovery:discover_packages(path) using defaults
[0.460s] Level 1:colcon.colcon_core.package_discovery:discover_packages(prefix_path) check parameters
[0.460s] Level 1:colcon.colcon_core.package_discovery:discover_packages(prefix_path) discover
[0.463s] DEBUG:colcon.colcon_installed_package_information.package_discovery:Found 1 installed packages in /home/ubuntu/SDE_Interview_Prep/ROS2.0_Chess/install
[0.465s] DEBUG:colcon.colcon_installed_package_information.package_discovery:Found 180 installed packages in /opt/ros/humble
[0.468s] Level 1:colcon.colcon_core.package_discovery:discover_packages(prefix_path) using defaults
[0.523s] Level 5:colcon.colcon_core.verb:set package 'stockfish' build argument 'cmake_args' from command line to 'None'
[0.523s] Level 5:colcon.colcon_core.verb:set package 'stockfish' build argument 'cmake_target' from command line to 'None'
[0.523s] Level 5:colcon.colcon_core.verb:set package 'stockfish' build argument 'cmake_target_skip_unavailable' from command line to 'False'
[0.523s] Level 5:colcon.colcon_core.verb:set package 'stockfish' build argument 'cmake_clean_cache' from command line to 'False'
[0.523s] Level 5:colcon.colcon_core.verb:set package 'stockfish' build argument 'cmake_clean_first' from command line to 'False'
[0.523s] Level 5:colcon.colcon_core.verb:set package 'stockfish' build argument 'cmake_force_configure' from command line to 'False'
[0.523s] Level 5:colcon.colcon_core.verb:set package 'stockfish' build argument 'ament_cmake_args' from command line to 'None'
[0.524s] Level 5:colcon.colcon_core.verb:set package 'stockfish' build argument 'catkin_cmake_args' from command line to 'None'
[0.524s] Level 5:colcon.colcon_core.verb:set package 'stockfish' build argument 'catkin_skip_building_tests' from command line to 'False'
[0.524s] DEBUG:colcon.colcon_core.verb:Building package 'stockfish' with the following arguments: {'ament_cmake_args': None, 'build_base': '/home/ubuntu/SDE_Interview_Prep/ROS2.0_Chess/build/stockfish', 'catkin_cmake_args': None, 'catkin_skip_building_tests': False, 'cmake_args': None, 'cmake_clean_cache': False, 'cmake_clean_first': False, 'cmake_force_configure': False, 'cmake_target': None, 'cmake_target_skip_unavailable': False, 'install_base': '/home/ubuntu/SDE_Interview_Prep/ROS2.0_Chess/install/stockfish', 'merge_install': False, 'path': '/home/ubuntu/SDE_Interview_Prep/ROS2.0_Chess/src/stockfish', 'symlink_install': False, 'test_result_base': None}
[0.525s] INFO:colcon.colcon_core.executor:Executing jobs using 'parallel' executor
[0.529s] DEBUG:colcon.colcon_parallel_executor.executor.parallel:run_until_complete
[0.530s] INFO:colcon.colcon_ros.task.ament_cmake.build:Building ROS package in '/home/ubuntu/SDE_Interview_Prep/ROS2.0_Chess/src/stockfish' with build type 'ament_cmake'
[0.530s] INFO:colcon.colcon_cmake.task.cmake.build:Building CMake package in '/home/ubuntu/SDE_Interview_Prep/ROS2.0_Chess/src/stockfish'
[0.535s] INFO:colcon.colcon_core.plugin_system:Skipping extension 'colcon_core.shell.bat': Not used on non-Windows systems
[0.539s] INFO:colcon.colcon_core.shell:Skip shell extension 'powershell' for command environment: Not usable outside of PowerShell
[0.539s] DEBUG:colcon.colcon_core.shell:Skip shell extension 'dsv' for command environment
[0.550s] DEBUG:colcon.colcon_core.event_handler.log_command:Invoking command in '/home/ubuntu/SDE_Interview_Prep/ROS2.0_Chess/build/stockfish': CMAKE_PREFIX_PATH=${CMAKE_PREFIX_PATH}:/opt/ros/humble /usr/bin/cmake --build /home/ubuntu/SDE_Interview_Prep/ROS2.0_Chess/build/stockfish -- -j1 -l1
[1.053s] DEBUG:colcon.colcon_core.event_handler.log_command:Invoked command in '/home/ubuntu/SDE_Interview_Prep/ROS2.0_Chess/build/stockfish' returned '0': CMAKE_PREFIX_PATH=${CMAKE_PREFIX_PATH}:/opt/ros/humble /usr/bin/cmake --build /home/ubuntu/SDE_Interview_Prep/ROS2.0_Chess/build/stockfish -- -j1 -l1
[1.087s] DEBUG:colcon.colcon_core.event_handler.log_command:Invoking command in '/home/ubuntu/SDE_Interview_Prep/ROS2.0_Chess/build/stockfish': CMAKE_PREFIX_PATH=${CMAKE_PREFIX_PATH}:/opt/ros/humble /usr/bin/cmake --install /home/ubuntu/SDE_Interview_Prep/ROS2.0_Chess/build/stockfish
[1.104s] Level 1:colcon.colcon_core.environment:create_environment_scripts_only(stockfish)
[1.105s] DEBUG:colcon.colcon_core.event_handler.log_command:Invoked command in '/home/ubuntu/SDE_Interview_Prep/ROS2.0_Chess/build/stockfish' returned '0': CMAKE_PREFIX_PATH=${CMAKE_PREFIX_PATH}:/opt/ros/humble /usr/bin/cmake --install /home/ubuntu/SDE_Interview_Prep/ROS2.0_Chess/build/stockfish
[1.111s] Level 1:colcon.colcon_core.environment:checking '/home/ubuntu/SDE_Interview_Prep/ROS2.0_Chess/install/stockfish' for CMake module files
[1.112s] Level 1:colcon.colcon_core.environment:checking '/home/ubuntu/SDE_Interview_Prep/ROS2.0_Chess/install/stockfish' for CMake config files
[1.112s] Level 1:colcon.colcon_core.shell:create_environment_hook('stockfish', 'cmake_prefix_path')
[1.114s] INFO:colcon.colcon_core.shell:Creating environment hook '/home/ubuntu/SDE_Interview_Prep/ROS2.0_Chess/install/stockfish/share/stockfish/hook/cmake_prefix_path.ps1'
[1.115s] INFO:colcon.colcon_core.shell:Creating environment descriptor '/home/ubuntu/SDE_Interview_Prep/ROS2.0_Chess/install/stockfish/share/stockfish/hook/cmake_prefix_path.dsv'
[1.115s] INFO:colcon.colcon_core.shell:Creating environment hook '/home/ubuntu/SDE_Interview_Prep/ROS2.0_Chess/install/stockfish/share/stockfish/hook/cmake_prefix_path.sh'
[1.117s] Level 1:colcon.colcon_core.environment:checking '/home/ubuntu/SDE_Interview_Prep/ROS2.0_Chess/install/stockfish/lib'
[1.117s] Level 1:colcon.colcon_core.environment:checking '/home/ubuntu/SDE_Interview_Prep/ROS2.0_Chess/install/stockfish/bin'
[1.117s] Level 1:colcon.colcon_core.environment:checking '/home/ubuntu/SDE_Interview_Prep/ROS2.0_Chess/install/stockfish/lib/pkgconfig/stockfish.pc'
[1.117s] Level 1:colcon.colcon_core.environment:checking '/home/ubuntu/SDE_Interview_Prep/ROS2.0_Chess/install/stockfish/lib/python3.10/site-packages'
[1.118s] Level 1:colcon.colcon_core.environment:checking '/home/ubuntu/SDE_Interview_Prep/ROS2.0_Chess/install/stockfish/bin'
[1.119s] INFO:colcon.colcon_core.shell:Creating package script '/home/ubuntu/SDE_Interview_Prep/ROS2.0_Chess/install/stockfish/share/stockfish/package.ps1'
[1.120s] INFO:colcon.colcon_core.shell:Creating package descriptor '/home/ubuntu/SDE_Interview_Prep/ROS2.0_Chess/install/stockfish/share/stockfish/package.dsv'
[1.121s] INFO:colcon.colcon_core.shell:Creating package script '/home/ubuntu/SDE_Interview_Prep/ROS2.0_Chess/install/stockfish/share/stockfish/package.sh'
[1.122s] INFO:colcon.colcon_core.shell:Creating package script '/home/ubuntu/SDE_Interview_Prep/ROS2.0_Chess/install/stockfish/share/stockfish/package.bash'
[1.123s] INFO:colcon.colcon_core.shell:Creating package script '/home/ubuntu/SDE_Interview_Prep/ROS2.0_Chess/install/stockfish/share/stockfish/package.zsh'
[1.124s] Level 1:colcon.colcon_core.environment:create_file_with_runtime_dependencies(/home/ubuntu/SDE_Interview_Prep/ROS2.0_Chess/install/stockfish/share/colcon-core/packages/stockfish)
[1.153s] Level 1:colcon.colcon_core.environment:create_environment_scripts_only(stockfish)
[1.155s] Level 1:colcon.colcon_core.environment:checking '/home/ubuntu/SDE_Interview_Prep/ROS2.0_Chess/install/stockfish' for CMake module files
[1.156s] Level 1:colcon.colcon_core.environment:checking '/home/ubuntu/SDE_Interview_Prep/ROS2.0_Chess/install/stockfish' for CMake config files
[1.156s] Level 1:colcon.colcon_core.shell:create_environment_hook('stockfish', 'cmake_prefix_path')
[1.159s] INFO:colcon.colcon_core.shell:Creating environment hook '/home/ubuntu/SDE_Interview_Prep/ROS2.0_Chess/install/stockfish/share/stockfish/hook/cmake_prefix_path.ps1'
[1.159s] INFO:colcon.colcon_core.shell:Creating environment descriptor '/home/ubuntu/SDE_Interview_Prep/ROS2.0_Chess/install/stockfish/share/stockfish/hook/cmake_prefix_path.dsv'
[1.160s] INFO:colcon.colcon_core.shell:Creating environment hook '/home/ubuntu/SDE_Interview_Prep/ROS2.0_Chess/install/stockfish/share/stockfish/hook/cmake_prefix_path.sh'
[1.161s] Level 1:colcon.colcon_core.environment:checking '/home/ubuntu/SDE_Interview_Prep/ROS2.0_Chess/install/stockfish/lib'
[1.161s] Level 1:colcon.colcon_core.environment:checking '/home/ubuntu/SDE_Interview_Prep/ROS2.0_Chess/install/stockfish/bin'
[1.161s] Level 1:colcon.colcon_core.environment:checking '/home/ubuntu/SDE_Interview_Prep/ROS2.0_Chess/install/stockfish/lib/pkgconfig/stockfish.pc'
[1.162s] Level 1:colcon.colcon_core.environment:checking '/home/ubuntu/SDE_Interview_Prep/ROS2.0_Chess/install/stockfish/lib/python3.10/site-packages'
[1.162s] Level 1:colcon.colcon_core.environment:checking '/home/ubuntu/SDE_Interview_Prep/ROS2.0_Chess/install/stockfish/bin'
[1.164s] INFO:colcon.colcon_core.shell:Creating package script '/home/ubuntu/SDE_Interview_Prep/ROS2.0_Chess/install/stockfish/share/stockfish/package.ps1'
[1.165s] INFO:colcon.colcon_core.shell:Creating package descriptor '/home/ubuntu/SDE_Interview_Prep/ROS2.0_Chess/install/stockfish/share/stockfish/package.dsv'
[1.165s] INFO:colcon.colcon_core.shell:Creating package script '/home/ubuntu/SDE_Interview_Prep/ROS2.0_Chess/install/stockfish/share/stockfish/package.sh'
[1.166s] INFO:colcon.colcon_core.shell:Creating package script '/home/ubuntu/SDE_Interview_Prep/ROS2.0_Chess/install/stockfish/share/stockfish/package.bash'
[1.166s] INFO:colcon.colcon_core.shell:Creating package script '/home/ubuntu/SDE_Interview_Prep/ROS2.0_Chess/install/stockfish/share/stockfish/package.zsh'
[1.167s] Level 1:colcon.colcon_core.environment:create_file_with_runtime_dependencies(/home/ubuntu/SDE_Interview_Prep/ROS2.0_Chess/install/stockfish/share/colcon-core/packages/stockfish)
[1.169s] DEBUG:colcon.colcon_parallel_executor.executor.parallel:closing loop
[1.169s] DEBUG:colcon.colcon_parallel_executor.executor.parallel:loop closed
[1.169s] DEBUG:colcon.colcon_parallel_executor.executor.parallel:run_until_complete finished with '0'
[1.169s] DEBUG:colcon.colcon_core.event_reactor:joining thread
[1.178s] INFO:colcon.colcon_core.plugin_system:Skipping extension 'colcon_notification.desktop_notification.notify_send': Could not find 'notify-send'
[1.179s] INFO:colcon.colcon_core.plugin_system:Skipping extension 'colcon_notification.desktop_notification.terminal_notifier': Not used on non-Darwin systems
[1.179s] INFO:colcon.colcon_core.plugin_system:Skipping extension 'colcon_notification.desktop_notification.win32': Not used on non-Windows systems
[1.179s] INFO:colcon.colcon_notification.desktop_notification:Sending desktop notification using 'notify2'
[1.180s] DEBUG:colcon.colcon_notification.desktop_notification.notify2:Failed to initialize notify2: org.freedesktop.DBus.Error.ServiceUnknown: The name org.freedesktop.Notifications was not provided by any .service files
[1.180s] DEBUG:colcon.colcon_core.event_reactor:joined thread
[1.182s] INFO:colcon.colcon_core.shell:Creating prefix script '/home/ubuntu/SDE_Interview_Prep/ROS2.0_Chess/install/local_setup.ps1'
[1.183s] INFO:colcon.colcon_core.shell:Creating prefix util module '/home/ubuntu/SDE_Interview_Prep/ROS2.0_Chess/install/_local_setup_util_ps1.py'
[1.185s] INFO:colcon.colcon_core.shell:Creating prefix chain script '/home/ubuntu/SDE_Interview_Prep/ROS2.0_Chess/install/setup.ps1'
[1.187s] INFO:colcon.colcon_core.shell:Creating prefix script '/home/ubuntu/SDE_Interview_Prep/ROS2.0_Chess/install/local_setup.sh'
[1.187s] INFO:colcon.colcon_core.shell:Creating prefix util module '/home/ubuntu/SDE_Interview_Prep/ROS2.0_Chess/install/_local_setup_util_sh.py'
[1.188s] INFO:colcon.colcon_core.shell:Creating prefix chain script '/home/ubuntu/SDE_Interview_Prep/ROS2.0_Chess/install/setup.sh'
[1.190s] INFO:colcon.colcon_core.shell:Creating prefix script '/home/ubuntu/SDE_Interview_Prep/ROS2.0_Chess/install/local_setup.bash'
[1.191s] INFO:colcon.colcon_core.shell:Creating prefix chain script '/home/ubuntu/SDE_Interview_Prep/ROS2.0_Chess/install/setup.bash'
[1.192s] INFO:colcon.colcon_core.shell:Creating prefix script '/home/ubuntu/SDE_Interview_Prep/ROS2.0_Chess/install/local_setup.zsh'
[1.193s] INFO:colcon.colcon_core.shell:Creating prefix chain script '/home/ubuntu/SDE_Interview_Prep/ROS2.0_Chess/install/setup.zsh'
