[ 50%] [32mBuilding CXX object CMakeFiles/listener.dir/src/subscriber_member_function.cpp.o[0m
[100%] [32m[1mLinking CXX executable listener[0m
[100%] Built target listener
-- Install configuration: ""
-- Installing: /home/ubuntu/SDE_Interview_Prep/ROS2.0_Chess/install/player/lib/player/listener
-- Set runtime path of "/home/ubuntu/SDE_Interview_Prep/ROS2.0_Chess/install/player/lib/player/listener" to ""
-- Installing: /home/ubuntu/SDE_Interview_Prep/ROS2.0_Chess/install/player/share/ament_index/resource_index/package_run_dependencies/player
-- Installing: /home/ubuntu/SDE_Interview_Prep/ROS2.0_Chess/install/player/share/ament_index/resource_index/parent_prefix_path/player
-- Installing: /home/ubuntu/SDE_Interview_Prep/ROS2.0_Chess/install/player/share/player/environment/ament_prefix_path.sh
-- Installing: /home/ubuntu/SDE_Interview_Prep/ROS2.0_Chess/install/player/share/player/environment/ament_prefix_path.dsv
-- Installing: /home/ubuntu/SDE_Interview_Prep/ROS2.0_Chess/install/player/share/player/environment/path.sh
-- Installing: /home/ubuntu/SDE_Interview_Prep/ROS2.0_Chess/install/player/share/player/environment/path.dsv
-- Installing: /home/ubuntu/SDE_Interview_Prep/ROS2.0_Chess/install/player/share/player/local_setup.bash
-- Installing: /home/ubuntu/SDE_Interview_Prep/ROS2.0_Chess/install/player/share/player/local_setup.sh
-- Installing: /home/ubuntu/SDE_Interview_Prep/ROS2.0_Chess/install/player/share/player/local_setup.zsh
-- Installing: /home/ubuntu/SDE_Interview_Prep/ROS2.0_Chess/install/player/share/player/local_setup.dsv
-- Installing: /home/ubuntu/SDE_Interview_Prep/ROS2.0_Chess/install/player/share/player/package.dsv
-- Installing: /home/ubuntu/SDE_Interview_Prep/ROS2.0_Chess/install/player/share/ament_index/resource_index/packages/player
-- Installing: /home/ubuntu/SDE_Interview_Prep/ROS2.0_Chess/install/player/share/player/cmake/playerConfig.cmake
-- Installing: /home/ubuntu/SDE_Interview_Prep/ROS2.0_Chess/install/player/share/player/cmake/playerConfig-version.cmake
-- Installing: /home/ubuntu/SDE_Interview_Prep/ROS2.0_Chess/install/player/share/player/package.xml
