[0.583s] DEBUG:colcon:Command line arguments: ['/usr/bin/colcon', 'build']
[0.583s] DEBUG:colcon:Parsed command line arguments: Namespace(log_base=None, log_level=None, verb_name='build', build_base='build', install_base='install', merge_install=False, symlink_install=False, test_result_base=None, continue_on_error=False, executor='parallel', parallel_workers=1, event_handlers=None, ignore_user_meta=False, metas=['./colcon.meta'], base_paths=['.'], packages_ignore=None, packages_ignore_regex=None, paths=None, packages_up_to=None, packages_up_to_regex=None, packages_above=None, packages_above_and_dependencies=None, packages_above_depth=None, packages_select_by_dep=None, packages_skip_by_dep=None, packages_skip_up_to=None, packages_select_build_failed=False, packages_skip_build_finished=False, packages_select_test_failures=False, packages_skip_test_passed=False, packages_select=None, packages_skip=None, packages_select_regex=None, packages_skip_regex=None, packages_start=None, packages_end=None, allow_overriding=[], cmake_args=None, cmake_target=None, cmake_target_skip_unavailable=False, cmake_clean_cache=False, cmake_clean_first=False, cmake_force_configure=False, ament_cmake_args=None, catkin_cmake_args=None, catkin_skip_building_tests=False, verb_parser=<colcon_defaults.argument_parser.defaults.DefaultArgumentsDecorator object at 0x7f5fb1b25270>, verb_extension=<colcon_core.verb.build.BuildVerb object at 0x7f5fb1d96fe0>, main=<bound method BuildVerb.main of <colcon_core.verb.build.BuildVerb object at 0x7f5fb1d96fe0>>)
[0.692s] Level 1:colcon.colcon_core.package_discovery:discover_packages(colcon_meta) check parameters
[0.693s] Level 1:colcon.colcon_core.package_discovery:discover_packages(recursive) check parameters
[0.693s] Level 1:colcon.colcon_core.package_discovery:discover_packages(ignore) check parameters
[0.693s] Level 1:colcon.colcon_core.package_discovery:discover_packages(path) check parameters
[0.693s] Level 1:colcon.colcon_core.package_discovery:discover_packages(colcon_meta) discover
[0.693s] Level 1:colcon.colcon_core.package_discovery:discover_packages(recursive) discover
[0.693s] INFO:colcon.colcon_core.package_discovery:Crawling recursively for packages in '/home/ubuntu/SDE_Interview_Prep/ROS2.0_Chess'
[0.693s] Level 1:colcon.colcon_core.package_identification:_identify(.) by extensions ['ignore', 'ignore_ament_install']
[0.694s] Level 1:colcon.colcon_core.package_identification:_identify(.) by extension 'ignore'
[0.694s] Level 1:colcon.colcon_core.package_identification:_identify(.) by extension 'ignore_ament_install'
[0.694s] Level 1:colcon.colcon_core.package_identification:_identify(.) by extensions ['colcon_pkg']
[0.694s] Level 1:colcon.colcon_core.package_identification:_identify(.) by extension 'colcon_pkg'
[0.694s] Level 1:colcon.colcon_core.package_identification:_identify(.) by extensions ['colcon_meta']
[0.694s] Level 1:colcon.colcon_core.package_identification:_identify(.) by extension 'colcon_meta'
[0.694s] Level 1:colcon.colcon_core.package_identification:_identify(.) by extensions ['ros']
[0.694s] Level 1:colcon.colcon_core.package_identification:_identify(.) by extension 'ros'
[0.724s] Level 1:colcon.colcon_core.package_identification:_identify(.) by extensions ['cmake', 'python']
[0.724s] Level 1:colcon.colcon_core.package_identification:_identify(.) by extension 'cmake'
[0.724s] Level 1:colcon.colcon_core.package_identification:_identify(.) by extension 'python'
[0.724s] Level 1:colcon.colcon_core.package_identification:_identify(.) by extensions ['python_setup_py']
[0.724s] Level 1:colcon.colcon_core.package_identification:_identify(.) by extension 'python_setup_py'
[0.725s] Level 1:colcon.colcon_core.package_identification:_identify(build) by extensions ['ignore', 'ignore_ament_install']
[0.725s] Level 1:colcon.colcon_core.package_identification:_identify(build) by extension 'ignore'
[0.725s] Level 1:colcon.colcon_core.package_identification:_identify(build) ignored
[0.725s] Level 1:colcon.colcon_core.package_identification:_identify(install) by extensions ['ignore', 'ignore_ament_install']
[0.725s] Level 1:colcon.colcon_core.package_identification:_identify(install) by extension 'ignore'
[0.725s] Level 1:colcon.colcon_core.package_identification:_identify(install) ignored
[0.725s] Level 1:colcon.colcon_core.package_identification:_identify(log) by extensions ['ignore', 'ignore_ament_install']
[0.726s] Level 1:colcon.colcon_core.package_identification:_identify(log) by extension 'ignore'
[0.726s] Level 1:colcon.colcon_core.package_identification:_identify(log) ignored
[0.726s] Level 1:colcon.colcon_core.package_identification:_identify(src) by extensions ['ignore', 'ignore_ament_install']
[0.726s] Level 1:colcon.colcon_core.package_identification:_identify(src) by extension 'ignore'
[0.726s] Level 1:colcon.colcon_core.package_identification:_identify(src) by extension 'ignore_ament_install'
[0.726s] Level 1:colcon.colcon_core.package_identification:_identify(src) by extensions ['colcon_pkg']
[0.726s] Level 1:colcon.colcon_core.package_identification:_identify(src) by extension 'colcon_pkg'
[0.726s] Level 1:colcon.colcon_core.package_identification:_identify(src) by extensions ['colcon_meta']
[0.726s] Level 1:colcon.colcon_core.package_identification:_identify(src) by extension 'colcon_meta'
[0.727s] Level 1:colcon.colcon_core.package_identification:_identify(src) by extensions ['ros']
[0.727s] Level 1:colcon.colcon_core.package_identification:_identify(src) by extension 'ros'
[0.727s] Level 1:colcon.colcon_core.package_identification:_identify(src) by extensions ['cmake', 'python']
[0.727s] Level 1:colcon.colcon_core.package_identification:_identify(src) by extension 'cmake'
[0.727s] Level 1:colcon.colcon_core.package_identification:_identify(src) by extension 'python'
[0.727s] Level 1:colcon.colcon_core.package_identification:_identify(src) by extensions ['python_setup_py']
[0.727s] Level 1:colcon.colcon_core.package_identification:_identify(src) by extension 'python_setup_py'
[0.727s] Level 1:colcon.colcon_core.package_identification:_identify(src/stockfish) by extensions ['ignore', 'ignore_ament_install']
[0.728s] Level 1:colcon.colcon_core.package_identification:_identify(src/stockfish) by extension 'ignore'
[0.728s] Level 1:colcon.colcon_core.package_identification:_identify(src/stockfish) by extension 'ignore_ament_install'
[0.728s] Level 1:colcon.colcon_core.package_identification:_identify(src/stockfish) by extensions ['colcon_pkg']
[0.728s] Level 1:colcon.colcon_core.package_identification:_identify(src/stockfish) by extension 'colcon_pkg'
[0.728s] Level 1:colcon.colcon_core.package_identification:_identify(src/stockfish) by extensions ['colcon_meta']
[0.728s] Level 1:colcon.colcon_core.package_identification:_identify(src/stockfish) by extension 'colcon_meta'
[0.728s] Level 1:colcon.colcon_core.package_identification:_identify(src/stockfish) by extensions ['ros']
[0.728s] Level 1:colcon.colcon_core.package_identification:_identify(src/stockfish) by extension 'ros'
[0.736s] DEBUG:colcon.colcon_core.package_identification:Package 'src/stockfish' with type 'ros.ament_cmake' and name 'stockfish'
[0.736s] Level 1:colcon.colcon_core.package_discovery:discover_packages(recursive) using defaults
[0.736s] Level 1:colcon.colcon_core.package_discovery:discover_packages(ignore) discover
[0.736s] Level 1:colcon.colcon_core.package_discovery:discover_packages(ignore) using defaults
[0.736s] Level 1:colcon.colcon_core.package_discovery:discover_packages(path) discover
[0.736s] Level 1:colcon.colcon_core.package_discovery:discover_packages(path) using defaults
[0.793s] Level 1:colcon.colcon_core.package_discovery:discover_packages(prefix_path) check parameters
[0.793s] Level 1:colcon.colcon_core.package_discovery:discover_packages(prefix_path) discover
[0.801s] DEBUG:colcon.colcon_installed_package_information.package_discovery:Found 180 installed packages in /opt/ros/humble
[0.803s] Level 1:colcon.colcon_core.package_discovery:discover_packages(prefix_path) using defaults
[0.860s] Level 5:colcon.colcon_core.verb:set package 'stockfish' build argument 'cmake_args' from command line to 'None'
[0.860s] Level 5:colcon.colcon_core.verb:set package 'stockfish' build argument 'cmake_target' from command line to 'None'
[0.860s] Level 5:colcon.colcon_core.verb:set package 'stockfish' build argument 'cmake_target_skip_unavailable' from command line to 'False'
[0.860s] Level 5:colcon.colcon_core.verb:set package 'stockfish' build argument 'cmake_clean_cache' from command line to 'False'
[0.860s] Level 5:colcon.colcon_core.verb:set package 'stockfish' build argument 'cmake_clean_first' from command line to 'False'
[0.860s] Level 5:colcon.colcon_core.verb:set package 'stockfish' build argument 'cmake_force_configure' from command line to 'False'
[0.860s] Level 5:colcon.colcon_core.verb:set package 'stockfish' build argument 'ament_cmake_args' from command line to 'None'
[0.860s] Level 5:colcon.colcon_core.verb:set package 'stockfish' build argument 'catkin_cmake_args' from command line to 'None'
[0.860s] Level 5:colcon.colcon_core.verb:set package 'stockfish' build argument 'catkin_skip_building_tests' from command line to 'False'
[0.860s] DEBUG:colcon.colcon_core.verb:Building package 'stockfish' with the following arguments: {'ament_cmake_args': None, 'build_base': '/home/ubuntu/SDE_Interview_Prep/ROS2.0_Chess/build/stockfish', 'catkin_cmake_args': None, 'catkin_skip_building_tests': False, 'cmake_args': None, 'cmake_clean_cache': False, 'cmake_clean_first': False, 'cmake_force_configure': False, 'cmake_target': None, 'cmake_target_skip_unavailable': False, 'install_base': '/home/ubuntu/SDE_Interview_Prep/ROS2.0_Chess/install/stockfish', 'merge_install': False, 'path': '/home/ubuntu/SDE_Interview_Prep/ROS2.0_Chess/src/stockfish', 'symlink_install': False, 'test_result_base': None}
[0.861s] INFO:colcon.colcon_core.executor:Executing jobs using 'parallel' executor
[0.866s] DEBUG:colcon.colcon_parallel_executor.executor.parallel:run_until_complete
[0.866s] INFO:colcon.colcon_ros.task.ament_cmake.build:Building ROS package in '/home/ubuntu/SDE_Interview_Prep/ROS2.0_Chess/src/stockfish' with build type 'ament_cmake'
[0.866s] INFO:colcon.colcon_cmake.task.cmake.build:Building CMake package in '/home/ubuntu/SDE_Interview_Prep/ROS2.0_Chess/src/stockfish'
[0.882s] INFO:colcon.colcon_core.plugin_system:Skipping extension 'colcon_core.shell.bat': Not used on non-Windows systems
[0.883s] INFO:colcon.colcon_core.shell:Skip shell extension 'powershell' for command environment: Not usable outside of PowerShell
[0.883s] DEBUG:colcon.colcon_core.shell:Skip shell extension 'dsv' for command environment
[0.892s] DEBUG:colcon.colcon_core.event_handler.log_command:Invoking command in '/home/ubuntu/SDE_Interview_Prep/ROS2.0_Chess/build/stockfish': CMAKE_PREFIX_PATH=/opt/ros/humble /usr/bin/cmake /home/ubuntu/SDE_Interview_Prep/ROS2.0_Chess/src/stockfish -DCMAKE_INSTALL_PREFIX=/home/ubuntu/SDE_Interview_Prep/ROS2.0_Chess/install/stockfish
[1.878s] DEBUG:colcon.colcon_core.event_handler.log_command:Invoked command in '/home/ubuntu/SDE_Interview_Prep/ROS2.0_Chess/build/stockfish' returned '0': CMAKE_PREFIX_PATH=/opt/ros/humble /usr/bin/cmake /home/ubuntu/SDE_Interview_Prep/ROS2.0_Chess/src/stockfish -DCMAKE_INSTALL_PREFIX=/home/ubuntu/SDE_Interview_Prep/ROS2.0_Chess/install/stockfish
[1.878s] DEBUG:colcon.colcon_core.event_handler.log_command:Invoking command in '/home/ubuntu/SDE_Interview_Prep/ROS2.0_Chess/build/stockfish': CMAKE_PREFIX_PATH=/opt/ros/humble /usr/bin/cmake --build /home/ubuntu/SDE_Interview_Prep/ROS2.0_Chess/build/stockfish -- -j1 -l1
[1.917s] DEBUG:colcon.colcon_core.event_handler.log_command:Invoked command in '/home/ubuntu/SDE_Interview_Prep/ROS2.0_Chess/build/stockfish' returned '0': CMAKE_PREFIX_PATH=/opt/ros/humble /usr/bin/cmake --build /home/ubuntu/SDE_Interview_Prep/ROS2.0_Chess/build/stockfish -- -j1 -l1
[1.954s] DEBUG:colcon.colcon_core.event_handler.log_command:Invoking command in '/home/ubuntu/SDE_Interview_Prep/ROS2.0_Chess/build/stockfish': CMAKE_PREFIX_PATH=/opt/ros/humble /usr/bin/cmake --install /home/ubuntu/SDE_Interview_Prep/ROS2.0_Chess/build/stockfish
[1.976s] Level 1:colcon.colcon_core.environment:create_environment_scripts_only(stockfish)
[1.977s] DEBUG:colcon.colcon_core.event_handler.log_command:Invoked command in '/home/ubuntu/SDE_Interview_Prep/ROS2.0_Chess/build/stockfish' returned '0': CMAKE_PREFIX_PATH=/opt/ros/humble /usr/bin/cmake --install /home/ubuntu/SDE_Interview_Prep/ROS2.0_Chess/build/stockfish
[1.993s] Level 1:colcon.colcon_core.environment:checking '/home/ubuntu/SDE_Interview_Prep/ROS2.0_Chess/install/stockfish' for CMake module files
[1.993s] Level 1:colcon.colcon_core.environment:checking '/home/ubuntu/SDE_Interview_Prep/ROS2.0_Chess/install/stockfish' for CMake config files
[1.994s] Level 1:colcon.colcon_core.shell:create_environment_hook('stockfish', 'cmake_prefix_path')
[1.995s] INFO:colcon.colcon_core.shell:Creating environment hook '/home/ubuntu/SDE_Interview_Prep/ROS2.0_Chess/install/stockfish/share/stockfish/hook/cmake_prefix_path.ps1'
[1.997s] INFO:colcon.colcon_core.shell:Creating environment descriptor '/home/ubuntu/SDE_Interview_Prep/ROS2.0_Chess/install/stockfish/share/stockfish/hook/cmake_prefix_path.dsv'
[1.999s] INFO:colcon.colcon_core.shell:Creating environment hook '/home/ubuntu/SDE_Interview_Prep/ROS2.0_Chess/install/stockfish/share/stockfish/hook/cmake_prefix_path.sh'
[2.000s] Level 1:colcon.colcon_core.environment:checking '/home/ubuntu/SDE_Interview_Prep/ROS2.0_Chess/install/stockfish/bin'
[2.001s] Level 1:colcon.colcon_core.environment:checking '/home/ubuntu/SDE_Interview_Prep/ROS2.0_Chess/install/stockfish/lib/pkgconfig/stockfish.pc'
[2.001s] Level 1:colcon.colcon_core.environment:checking '/home/ubuntu/SDE_Interview_Prep/ROS2.0_Chess/install/stockfish/lib/python3.10/site-packages'
[2.001s] Level 1:colcon.colcon_core.environment:checking '/home/ubuntu/SDE_Interview_Prep/ROS2.0_Chess/install/stockfish/bin'
[2.003s] INFO:colcon.colcon_core.shell:Creating package script '/home/ubuntu/SDE_Interview_Prep/ROS2.0_Chess/install/stockfish/share/stockfish/package.ps1'
[2.005s] INFO:colcon.colcon_core.shell:Creating package descriptor '/home/ubuntu/SDE_Interview_Prep/ROS2.0_Chess/install/stockfish/share/stockfish/package.dsv'
[2.006s] INFO:colcon.colcon_core.shell:Creating package script '/home/ubuntu/SDE_Interview_Prep/ROS2.0_Chess/install/stockfish/share/stockfish/package.sh'
[2.008s] INFO:colcon.colcon_core.shell:Creating package script '/home/ubuntu/SDE_Interview_Prep/ROS2.0_Chess/install/stockfish/share/stockfish/package.bash'
[2.010s] INFO:colcon.colcon_core.shell:Creating package script '/home/ubuntu/SDE_Interview_Prep/ROS2.0_Chess/install/stockfish/share/stockfish/package.zsh'
[2.011s] Level 1:colcon.colcon_core.environment:create_file_with_runtime_dependencies(/home/ubuntu/SDE_Interview_Prep/ROS2.0_Chess/install/stockfish/share/colcon-core/packages/stockfish)
[2.035s] Level 1:colcon.colcon_core.environment:create_environment_scripts_only(stockfish)
[2.038s] Level 1:colcon.colcon_core.environment:checking '/home/ubuntu/SDE_Interview_Prep/ROS2.0_Chess/install/stockfish' for CMake module files
[2.038s] Level 1:colcon.colcon_core.environment:checking '/home/ubuntu/SDE_Interview_Prep/ROS2.0_Chess/install/stockfish' for CMake config files
[2.039s] Level 1:colcon.colcon_core.shell:create_environment_hook('stockfish', 'cmake_prefix_path')
[2.040s] INFO:colcon.colcon_core.shell:Creating environment hook '/home/ubuntu/SDE_Interview_Prep/ROS2.0_Chess/install/stockfish/share/stockfish/hook/cmake_prefix_path.ps1'
[2.041s] INFO:colcon.colcon_core.shell:Creating environment descriptor '/home/ubuntu/SDE_Interview_Prep/ROS2.0_Chess/install/stockfish/share/stockfish/hook/cmake_prefix_path.dsv'
[2.041s] INFO:colcon.colcon_core.shell:Creating environment hook '/home/ubuntu/SDE_Interview_Prep/ROS2.0_Chess/install/stockfish/share/stockfish/hook/cmake_prefix_path.sh'
[2.042s] Level 1:colcon.colcon_core.environment:checking '/home/ubuntu/SDE_Interview_Prep/ROS2.0_Chess/install/stockfish/bin'
[2.042s] Level 1:colcon.colcon_core.environment:checking '/home/ubuntu/SDE_Interview_Prep/ROS2.0_Chess/install/stockfish/lib/pkgconfig/stockfish.pc'
[2.043s] Level 1:colcon.colcon_core.environment:checking '/home/ubuntu/SDE_Interview_Prep/ROS2.0_Chess/install/stockfish/lib/python3.10/site-packages'
[2.043s] Level 1:colcon.colcon_core.environment:checking '/home/ubuntu/SDE_Interview_Prep/ROS2.0_Chess/install/stockfish/bin'
[2.045s] INFO:colcon.colcon_core.shell:Creating package script '/home/ubuntu/SDE_Interview_Prep/ROS2.0_Chess/install/stockfish/share/stockfish/package.ps1'
[2.045s] INFO:colcon.colcon_core.shell:Creating package descriptor '/home/ubuntu/SDE_Interview_Prep/ROS2.0_Chess/install/stockfish/share/stockfish/package.dsv'
[2.046s] INFO:colcon.colcon_core.shell:Creating package script '/home/ubuntu/SDE_Interview_Prep/ROS2.0_Chess/install/stockfish/share/stockfish/package.sh'
[2.047s] INFO:colcon.colcon_core.shell:Creating package script '/home/ubuntu/SDE_Interview_Prep/ROS2.0_Chess/install/stockfish/share/stockfish/package.bash'
[2.047s] INFO:colcon.colcon_core.shell:Creating package script '/home/ubuntu/SDE_Interview_Prep/ROS2.0_Chess/install/stockfish/share/stockfish/package.zsh'
[2.048s] Level 1:colcon.colcon_core.environment:create_file_with_runtime_dependencies(/home/ubuntu/SDE_Interview_Prep/ROS2.0_Chess/install/stockfish/share/colcon-core/packages/stockfish)
[2.050s] DEBUG:colcon.colcon_parallel_executor.executor.parallel:closing loop
[2.050s] DEBUG:colcon.colcon_parallel_executor.executor.parallel:loop closed
[2.050s] DEBUG:colcon.colcon_parallel_executor.executor.parallel:run_until_complete finished with '0'
[2.050s] DEBUG:colcon.colcon_core.event_reactor:joining thread
[2.063s] INFO:colcon.colcon_core.plugin_system:Skipping extension 'colcon_notification.desktop_notification.notify_send': Could not find 'notify-send'
[2.063s] INFO:colcon.colcon_core.plugin_system:Skipping extension 'colcon_notification.desktop_notification.terminal_notifier': Not used on non-Darwin systems
[2.063s] INFO:colcon.colcon_core.plugin_system:Skipping extension 'colcon_notification.desktop_notification.win32': Not used on non-Windows systems
[2.063s] INFO:colcon.colcon_notification.desktop_notification:Sending desktop notification using 'notify2'
[2.064s] DEBUG:colcon.colcon_notification.desktop_notification.notify2:Failed to initialize notify2: org.freedesktop.DBus.Error.ServiceUnknown: The name org.freedesktop.Notifications was not provided by any .service files
[2.064s] DEBUG:colcon.colcon_core.event_reactor:joined thread
[2.066s] INFO:colcon.colcon_core.shell:Creating prefix script '/home/ubuntu/SDE_Interview_Prep/ROS2.0_Chess/install/local_setup.ps1'
[2.068s] INFO:colcon.colcon_core.shell:Creating prefix util module '/home/ubuntu/SDE_Interview_Prep/ROS2.0_Chess/install/_local_setup_util_ps1.py'
[2.070s] INFO:colcon.colcon_core.shell:Creating prefix chain script '/home/ubuntu/SDE_Interview_Prep/ROS2.0_Chess/install/setup.ps1'
[2.072s] INFO:colcon.colcon_core.shell:Creating prefix script '/home/ubuntu/SDE_Interview_Prep/ROS2.0_Chess/install/local_setup.sh'
[2.074s] INFO:colcon.colcon_core.shell:Creating prefix util module '/home/ubuntu/SDE_Interview_Prep/ROS2.0_Chess/install/_local_setup_util_sh.py'
[2.075s] INFO:colcon.colcon_core.shell:Creating prefix chain script '/home/ubuntu/SDE_Interview_Prep/ROS2.0_Chess/install/setup.sh'
[2.077s] INFO:colcon.colcon_core.shell:Creating prefix script '/home/ubuntu/SDE_Interview_Prep/ROS2.0_Chess/install/local_setup.bash'
[2.078s] INFO:colcon.colcon_core.shell:Creating prefix chain script '/home/ubuntu/SDE_Interview_Prep/ROS2.0_Chess/install/setup.bash'
[2.082s] INFO:colcon.colcon_core.shell:Creating prefix script '/home/ubuntu/SDE_Interview_Prep/ROS2.0_Chess/install/local_setup.zsh'
[2.083s] INFO:colcon.colcon_core.shell:Creating prefix chain script '/home/ubuntu/SDE_Interview_Prep/ROS2.0_Chess/install/setup.zsh'
