[0.012s] Invoking command in '/home/ubuntu/SDE_Interview_Prep/ROS2.0_Chess/build/player': CMAKE_PREFIX_PATH=${CMAKE_PREFIX_PATH}:/opt/ros/humble /usr/bin/cmake /home/ubuntu/SDE_Interview_Prep/ROS2.0_Chess/src/player -DCMAKE_INSTALL_PREFIX=/home/ubuntu/SDE_Interview_Prep/ROS2.0_Chess/install/player
[0.332s] -- The C compiler identification is GNU 11.3.0
[0.426s] -- The CXX compiler identification is GNU 11.3.0
[0.439s] -- Detecting C compiler ABI info
[0.536s] -- Detecting C compiler ABI info - done
[0.546s] -- Check for working C compiler: /usr/bin/cc - skipped
[0.547s] -- Detecting C compile features
[0.548s] -- Detecting C compile features - done
[0.552s] -- Detecting CXX compiler ABI info
[0.660s] -- Detecting CXX compiler ABI info - done
[0.671s] -- Check for working CXX compiler: /usr/bin/c++ - skipped
[0.672s] -- Detecting CXX compile features
[0.672s] -- Detecting CXX compile features - done
[0.675s] -- Found ament_cmake: 1.3.2 (/opt/ros/humble/share/ament_cmake/cmake)
[0.888s] -- Found Python3: /usr/bin/python3.10 (found version "3.10.6") found components: Interpreter 
[1.007s] -- Found rclcpp: 16.0.1 (/opt/ros/humble/share/rclcpp/cmake)
[1.183s] -- Found rosidl_generator_c: 3.1.3 (/opt/ros/humble/share/rosidl_generator_c/cmake)
[1.199s] -- Found rosidl_adapter: 3.1.3 (/opt/ros/humble/share/rosidl_adapter/cmake)
[1.228s] -- Found rosidl_generator_cpp: 3.1.3 (/opt/ros/humble/share/rosidl_generator_cpp/cmake)
[1.279s] -- Using all available rosidl_typesupport_c: rosidl_typesupport_fastrtps_c;rosidl_typesupport_introspection_c
[1.333s] -- Using all available rosidl_typesupport_cpp: rosidl_typesupport_fastrtps_cpp;rosidl_typesupport_introspection_cpp
[1.492s] -- Found rmw_implementation_cmake: 6.1.0 (/opt/ros/humble/share/rmw_implementation_cmake/cmake)
[1.509s] -- Found rmw_fastrtps_cpp: 6.2.1 (/opt/ros/humble/share/rmw_fastrtps_cpp/cmake)
[1.682s] -- Found OpenSSL: /usr/lib/x86_64-linux-gnu/libcrypto.so (found version "3.0.2")  
[1.712s] -- Found FastRTPS: /opt/ros/humble/include  
[1.754s] -- Using RMW implementation 'rmw_fastrtps_cpp' as default
[2.058s] [31mCMake Error at CMakeLists.txt:21 (target_include_directories):
[2.059s]   Cannot specify include directories for target "chess_player" which is not
[2.059s]   built by this project.
[2.059s] 
[2.059s] [0m
[2.060s] [31mCMake Error at CMakeLists.txt:24 (target_compile_features):
[2.060s]   Cannot specify compile features for target "chess_player" which is not
[2.060s]   built by this project.
[2.060s] 
[2.061s] [0m
[2.062s] -- Found ament_lint_auto: 0.12.4 (/opt/ros/humble/share/ament_lint_auto/cmake)
[2.162s] -- Added test 'cppcheck' to perform static code analysis on C / C++ code
[2.162s] -- Configured cppcheck include dirs: 
[2.163s] -- Configured cppcheck exclude dirs and/or files: 
[2.164s] -- Added test 'lint_cmake' to check CMake code style
[2.165s] -- Added test 'uncrustify' to check C / C++ code style
[2.166s] -- Configured uncrustify additional arguments: 
[2.167s] -- Added test 'xmllint' to check XML markup files
[2.169s] -- Configuring incomplete, errors occurred!
[2.169s] See also "/home/ubuntu/SDE_Interview_Prep/ROS2.0_Chess/build/player/CMakeFiles/CMakeOutput.log".
[2.180s] Invoked command in '/home/ubuntu/SDE_Interview_Prep/ROS2.0_Chess/build/player' returned '1': CMAKE_PREFIX_PATH=${CMAKE_PREFIX_PATH}:/opt/ros/humble /usr/bin/cmake /home/ubuntu/SDE_Interview_Prep/ROS2.0_Chess/src/player -DCMAKE_INSTALL_PREFIX=/home/ubuntu/SDE_Interview_Prep/ROS2.0_Chess/install/player
