-- Found ament_cmake: 1.3.2 (/opt/ros/humble/share/ament_cmake/cmake)
-- Found ament_lint_auto: 0.12.4 (/opt/ros/humble/share/ament_lint_auto/cmake)
-- Added test 'cppcheck' to perform static code analysis on C / C++ code
-- Configured cppcheck include dirs: $<BUILD_INTERFACE:/home/ubuntu/SDE_Interview_Prep/ROS2.0_Chess/src/stockfish/include>
-- Configured cppcheck exclude dirs and/or files: 
-- Added test 'lint_cmake' to check CMake code style
-- Added test 'uncrustify' to check C / C++ code style
-- Configured uncrustify additional arguments: 
-- Added test 'xmllint' to check XML markup files
-- Configuring done
-- Generating done
-- Build files have been written to: /home/ubuntu/SDE_Interview_Prep/ROS2.0_Chess/build/stockfish
[ 50%] [32mBuilding CXX object CMakeFiles/stockfish_node.dir/src/stockfish_node.cpp.o[0m
[100%] [32m[1mLinking CXX executable stockfish_node[0m
[100%] Built target stockfish_node
-- Install configuration: ""
-- Installing: /home/ubuntu/SDE_Interview_Prep/ROS2.0_Chess/install/stockfish/lib/stockfish/stockfish_node
-- Up-to-date: /home/ubuntu/SDE_Interview_Prep/ROS2.0_Chess/install/stockfish/share/ament_index/resource_index/package_run_dependencies/stockfish
-- Installing: /home/ubuntu/SDE_Interview_Prep/ROS2.0_Chess/install/stockfish/share/ament_index/resource_index/parent_prefix_path/stockfish
-- Up-to-date: /home/ubuntu/SDE_Interview_Prep/ROS2.0_Chess/install/stockfish/share/stockfish/environment/ament_prefix_path.sh
-- Installing: /home/ubuntu/SDE_Interview_Prep/ROS2.0_Chess/install/stockfish/share/stockfish/environment/ament_prefix_path.dsv
-- Up-to-date: /home/ubuntu/SDE_Interview_Prep/ROS2.0_Chess/install/stockfish/share/stockfish/environment/path.sh
-- Installing: /home/ubuntu/SDE_Interview_Prep/ROS2.0_Chess/install/stockfish/share/stockfish/environment/path.dsv
-- Up-to-date: /home/ubuntu/SDE_Interview_Prep/ROS2.0_Chess/install/stockfish/share/stockfish/local_setup.bash
-- Up-to-date: /home/ubuntu/SDE_Interview_Prep/ROS2.0_Chess/install/stockfish/share/stockfish/local_setup.sh
-- Up-to-date: /home/ubuntu/SDE_Interview_Prep/ROS2.0_Chess/install/stockfish/share/stockfish/local_setup.zsh
-- Installing: /home/ubuntu/SDE_Interview_Prep/ROS2.0_Chess/install/stockfish/share/stockfish/local_setup.dsv
-- Installing: /home/ubuntu/SDE_Interview_Prep/ROS2.0_Chess/install/stockfish/share/stockfish/package.dsv
-- Up-to-date: /home/ubuntu/SDE_Interview_Prep/ROS2.0_Chess/install/stockfish/share/ament_index/resource_index/packages/stockfish
-- Up-to-date: /home/ubuntu/SDE_Interview_Prep/ROS2.0_Chess/install/stockfish/share/stockfish/cmake/stockfishConfig.cmake
-- Up-to-date: /home/ubuntu/SDE_Interview_Prep/ROS2.0_Chess/install/stockfish/share/stockfish/cmake/stockfishConfig-version.cmake
-- Installing: /home/ubuntu/SDE_Interview_Prep/ROS2.0_Chess/install/stockfish/share/stockfish/package.xml
