[0.012s] Invoking command in '/home/ubuntu/SDE_Interview_Prep/ROS2.0_Chess/build/stockfish': CMAKE_PREFIX_PATH=${CMAKE_PREFIX_PATH}:/opt/ros/humble /usr/bin/cmake --build /home/ubuntu/SDE_Interview_Prep/ROS2.0_Chess/build/stockfish -- -j1 -l1
[0.041s] -- Found ament_cmake: 1.3.2 (/opt/ros/humble/share/ament_cmake/cmake)
[0.229s] -- Found ament_lint_auto: 0.12.4 (/opt/ros/humble/share/ament_lint_auto/cmake)
[0.322s] -- Added test 'cppcheck' to perform static code analysis on C / C++ code
[0.323s] -- Configured cppcheck include dirs: $<BUILD_INTERFACE:/home/ubuntu/SDE_Interview_Prep/ROS2.0_Chess/src/stockfish/include>
[0.323s] -- Configured cppcheck exclude dirs and/or files: 
[0.324s] -- Added test 'lint_cmake' to check CMake code style
[0.326s] -- Added test 'uncrustify' to check C / C++ code style
[0.326s] -- Configured uncrustify additional arguments: 
[0.327s] -- Added test 'xmllint' to check XML markup files
[0.328s] -- Configuring done
[0.337s] -- Generating done
[0.340s] -- Build files have been written to: /home/ubuntu/SDE_Interview_Prep/ROS2.0_Chess/build/stockfish
[0.372s] [ 50%] [32mBuilding CXX object CMakeFiles/stockfish_node.dir/src/stockfish_node.cpp.o[0m
[0.443s] [100%] [32m[1mLinking CXX executable stockfish_node[0m
[0.497s] [100%] Built target stockfish_node
[0.515s] Invoked command in '/home/ubuntu/SDE_Interview_Prep/ROS2.0_Chess/build/stockfish' returned '0': CMAKE_PREFIX_PATH=${CMAKE_PREFIX_PATH}:/opt/ros/humble /usr/bin/cmake --build /home/ubuntu/SDE_Interview_Prep/ROS2.0_Chess/build/stockfish -- -j1 -l1
[0.549s] Invoking command in '/home/ubuntu/SDE_Interview_Prep/ROS2.0_Chess/build/stockfish': CMAKE_PREFIX_PATH=${CMAKE_PREFIX_PATH}:/opt/ros/humble /usr/bin/cmake --install /home/ubuntu/SDE_Interview_Prep/ROS2.0_Chess/build/stockfish
[0.557s] -- Install configuration: ""
[0.558s] -- Installing: /home/ubuntu/SDE_Interview_Prep/ROS2.0_Chess/install/stockfish/lib/stockfish/stockfish_node
[0.558s] -- Up-to-date: /home/ubuntu/SDE_Interview_Prep/ROS2.0_Chess/install/stockfish/share/ament_index/resource_index/package_run_dependencies/stockfish
[0.559s] -- Installing: /home/ubuntu/SDE_Interview_Prep/ROS2.0_Chess/install/stockfish/share/ament_index/resource_index/parent_prefix_path/stockfish
[0.560s] -- Up-to-date: /home/ubuntu/SDE_Interview_Prep/ROS2.0_Chess/install/stockfish/share/stockfish/environment/ament_prefix_path.sh
[0.560s] -- Installing: /home/ubuntu/SDE_Interview_Prep/ROS2.0_Chess/install/stockfish/share/stockfish/environment/ament_prefix_path.dsv
[0.560s] -- Up-to-date: /home/ubuntu/SDE_Interview_Prep/ROS2.0_Chess/install/stockfish/share/stockfish/environment/path.sh
[0.561s] -- Installing: /home/ubuntu/SDE_Interview_Prep/ROS2.0_Chess/install/stockfish/share/stockfish/environment/path.dsv
[0.561s] -- Up-to-date: /home/ubuntu/SDE_Interview_Prep/ROS2.0_Chess/install/stockfish/share/stockfish/local_setup.bash
[0.562s] -- Up-to-date: /home/ubuntu/SDE_Interview_Prep/ROS2.0_Chess/install/stockfish/share/stockfish/local_setup.sh
[0.562s] -- Up-to-date: /home/ubuntu/SDE_Interview_Prep/ROS2.0_Chess/install/stockfish/share/stockfish/local_setup.zsh
[0.562s] -- Installing: /home/ubuntu/SDE_Interview_Prep/ROS2.0_Chess/install/stockfish/share/stockfish/local_setup.dsv
[0.563s] -- Installing: /home/ubuntu/SDE_Interview_Prep/ROS2.0_Chess/install/stockfish/share/stockfish/package.dsv
[0.564s] -- Up-to-date: /home/ubuntu/SDE_Interview_Prep/ROS2.0_Chess/install/stockfish/share/ament_index/resource_index/packages/stockfish
[0.564s] -- Up-to-date: /home/ubuntu/SDE_Interview_Prep/ROS2.0_Chess/install/stockfish/share/stockfish/cmake/stockfishConfig.cmake
[0.564s] -- Up-to-date: /home/ubuntu/SDE_Interview_Prep/ROS2.0_Chess/install/stockfish/share/stockfish/cmake/stockfishConfig-version.cmake
[0.565s] -- Installing: /home/ubuntu/SDE_Interview_Prep/ROS2.0_Chess/install/stockfish/share/stockfish/package.xml
[0.567s] Invoked command in '/home/ubuntu/SDE_Interview_Prep/ROS2.0_Chess/build/stockfish' returned '0': CMAKE_PREFIX_PATH=${CMAKE_PREFIX_PATH}:/opt/ros/humble /usr/bin/cmake --install /home/ubuntu/SDE_Interview_Prep/ROS2.0_Chess/build/stockfish
