[0.471s] DEBUG:colcon:Command line arguments: ['/usr/bin/colcon', 'build']
[0.471s] DEBUG:colcon:Parsed command line arguments: Namespace(log_base=None, log_level=None, verb_name='build', build_base='build', install_base='install', merge_install=False, symlink_install=False, test_result_base=None, continue_on_error=False, executor='parallel', parallel_workers=1, event_handlers=None, ignore_user_meta=False, metas=['./colcon.meta'], base_paths=['.'], packages_ignore=None, packages_ignore_regex=None, paths=None, packages_up_to=None, packages_up_to_regex=None, packages_above=None, packages_above_and_dependencies=None, packages_above_depth=None, packages_select_by_dep=None, packages_skip_by_dep=None, packages_skip_up_to=None, packages_select_build_failed=False, packages_skip_build_finished=False, packages_select_test_failures=False, packages_skip_test_passed=False, packages_select=None, packages_skip=None, packages_select_regex=None, packages_skip_regex=None, packages_start=None, packages_end=None, allow_overriding=[], cmake_args=None, cmake_target=None, cmake_target_skip_unavailable=False, cmake_clean_cache=False, cmake_clean_first=False, cmake_force_configure=False, ament_cmake_args=None, catkin_cmake_args=None, catkin_skip_building_tests=False, verb_parser=<colcon_defaults.argument_parser.defaults.DefaultArgumentsDecorator object at 0x7f89ea6998a0>, verb_extension=<colcon_core.verb.build.BuildVerb object at 0x7f89eb02f250>, main=<bound method BuildVerb.main of <colcon_core.verb.build.BuildVerb object at 0x7f89eb02f250>>)
[0.580s] Level 1:colcon.colcon_core.package_discovery:discover_packages(colcon_meta) check parameters
[0.581s] Level 1:colcon.colcon_core.package_discovery:discover_packages(recursive) check parameters
[0.581s] Level 1:colcon.colcon_core.package_discovery:discover_packages(ignore) check parameters
[0.581s] Level 1:colcon.colcon_core.package_discovery:discover_packages(path) check parameters
[0.581s] Level 1:colcon.colcon_core.package_discovery:discover_packages(colcon_meta) discover
[0.581s] Level 1:colcon.colcon_core.package_discovery:discover_packages(recursive) discover
[0.581s] INFO:colcon.colcon_core.package_discovery:Crawling recursively for packages in '/home/ubuntu/SDE_Interview_Prep/ROS2.0_Chess'
[0.581s] Level 1:colcon.colcon_core.package_identification:_identify(.) by extensions ['ignore', 'ignore_ament_install']
[0.581s] Level 1:colcon.colcon_core.package_identification:_identify(.) by extension 'ignore'
[0.581s] Level 1:colcon.colcon_core.package_identification:_identify(.) by extension 'ignore_ament_install'
[0.581s] Level 1:colcon.colcon_core.package_identification:_identify(.) by extensions ['colcon_pkg']
[0.581s] Level 1:colcon.colcon_core.package_identification:_identify(.) by extension 'colcon_pkg'
[0.582s] Level 1:colcon.colcon_core.package_identification:_identify(.) by extensions ['colcon_meta']
[0.582s] Level 1:colcon.colcon_core.package_identification:_identify(.) by extension 'colcon_meta'
[0.582s] Level 1:colcon.colcon_core.package_identification:_identify(.) by extensions ['ros']
[0.582s] Level 1:colcon.colcon_core.package_identification:_identify(.) by extension 'ros'
[0.619s] Level 1:colcon.colcon_core.package_identification:_identify(.) by extensions ['cmake', 'python']
[0.619s] Level 1:colcon.colcon_core.package_identification:_identify(.) by extension 'cmake'
[0.620s] Level 1:colcon.colcon_core.package_identification:_identify(.) by extension 'python'
[0.620s] Level 1:colcon.colcon_core.package_identification:_identify(.) by extensions ['python_setup_py']
[0.620s] Level 1:colcon.colcon_core.package_identification:_identify(.) by extension 'python_setup_py'
[0.620s] Level 1:colcon.colcon_core.package_identification:_identify(build) by extensions ['ignore', 'ignore_ament_install']
[0.620s] Level 1:colcon.colcon_core.package_identification:_identify(build) by extension 'ignore'
[0.620s] Level 1:colcon.colcon_core.package_identification:_identify(build) ignored
[0.620s] Level 1:colcon.colcon_core.package_identification:_identify(install) by extensions ['ignore', 'ignore_ament_install']
[0.620s] Level 1:colcon.colcon_core.package_identification:_identify(install) by extension 'ignore'
[0.620s] Level 1:colcon.colcon_core.package_identification:_identify(install) ignored
[0.621s] Level 1:colcon.colcon_core.package_identification:_identify(log) by extensions ['ignore', 'ignore_ament_install']
[0.621s] Level 1:colcon.colcon_core.package_identification:_identify(log) by extension 'ignore'
[0.621s] Level 1:colcon.colcon_core.package_identification:_identify(log) ignored
[0.621s] Level 1:colcon.colcon_core.package_identification:_identify(src) by extensions ['ignore', 'ignore_ament_install']
[0.621s] Level 1:colcon.colcon_core.package_identification:_identify(src) by extension 'ignore'
[0.621s] Level 1:colcon.colcon_core.package_identification:_identify(src) by extension 'ignore_ament_install'
[0.621s] Level 1:colcon.colcon_core.package_identification:_identify(src) by extensions ['colcon_pkg']
[0.621s] Level 1:colcon.colcon_core.package_identification:_identify(src) by extension 'colcon_pkg'
[0.621s] Level 1:colcon.colcon_core.package_identification:_identify(src) by extensions ['colcon_meta']
[0.621s] Level 1:colcon.colcon_core.package_identification:_identify(src) by extension 'colcon_meta'
[0.621s] Level 1:colcon.colcon_core.package_identification:_identify(src) by extensions ['ros']
[0.621s] Level 1:colcon.colcon_core.package_identification:_identify(src) by extension 'ros'
[0.622s] Level 1:colcon.colcon_core.package_identification:_identify(src) by extensions ['cmake', 'python']
[0.622s] Level 1:colcon.colcon_core.package_identification:_identify(src) by extension 'cmake'
[0.622s] Level 1:colcon.colcon_core.package_identification:_identify(src) by extension 'python'
[0.622s] Level 1:colcon.colcon_core.package_identification:_identify(src) by extensions ['python_setup_py']
[0.622s] Level 1:colcon.colcon_core.package_identification:_identify(src) by extension 'python_setup_py'
[0.622s] Level 1:colcon.colcon_core.package_identification:_identify(src/player) by extensions ['ignore', 'ignore_ament_install']
[0.622s] Level 1:colcon.colcon_core.package_identification:_identify(src/player) by extension 'ignore'
[0.622s] Level 1:colcon.colcon_core.package_identification:_identify(src/player) by extension 'ignore_ament_install'
[0.622s] Level 1:colcon.colcon_core.package_identification:_identify(src/player) by extensions ['colcon_pkg']
[0.622s] Level 1:colcon.colcon_core.package_identification:_identify(src/player) by extension 'colcon_pkg'
[0.622s] Level 1:colcon.colcon_core.package_identification:_identify(src/player) by extensions ['colcon_meta']
[0.622s] Level 1:colcon.colcon_core.package_identification:_identify(src/player) by extension 'colcon_meta'
[0.622s] Level 1:colcon.colcon_core.package_identification:_identify(src/player) by extensions ['ros']
[0.623s] Level 1:colcon.colcon_core.package_identification:_identify(src/player) by extension 'ros'
[0.628s] DEBUG:colcon.colcon_core.package_identification:Package 'src/player' with type 'ros.ament_cmake' and name 'player'
[0.629s] Level 1:colcon.colcon_core.package_identification:_identify(src/stockfish) by extensions ['ignore', 'ignore_ament_install']
[0.629s] Level 1:colcon.colcon_core.package_identification:_identify(src/stockfish) by extension 'ignore'
[0.629s] Level 1:colcon.colcon_core.package_identification:_identify(src/stockfish) by extension 'ignore_ament_install'
[0.629s] Level 1:colcon.colcon_core.package_identification:_identify(src/stockfish) by extensions ['colcon_pkg']
[0.629s] Level 1:colcon.colcon_core.package_identification:_identify(src/stockfish) by extension 'colcon_pkg'
[0.629s] Level 1:colcon.colcon_core.package_identification:_identify(src/stockfish) by extensions ['colcon_meta']
[0.629s] Level 1:colcon.colcon_core.package_identification:_identify(src/stockfish) by extension 'colcon_meta'
[0.630s] Level 1:colcon.colcon_core.package_identification:_identify(src/stockfish) by extensions ['ros']
[0.630s] Level 1:colcon.colcon_core.package_identification:_identify(src/stockfish) by extension 'ros'
[0.631s] DEBUG:colcon.colcon_core.package_identification:Package 'src/stockfish' with type 'ros.ament_cmake' and name 'stockfish'
[0.631s] Level 1:colcon.colcon_core.package_discovery:discover_packages(recursive) using defaults
[0.631s] Level 1:colcon.colcon_core.package_discovery:discover_packages(ignore) discover
[0.631s] Level 1:colcon.colcon_core.package_discovery:discover_packages(ignore) using defaults
[0.631s] Level 1:colcon.colcon_core.package_discovery:discover_packages(path) discover
[0.631s] Level 1:colcon.colcon_core.package_discovery:discover_packages(path) using defaults
[0.698s] Level 1:colcon.colcon_core.package_discovery:discover_packages(prefix_path) check parameters
[0.698s] Level 1:colcon.colcon_core.package_discovery:discover_packages(prefix_path) discover
[0.708s] DEBUG:colcon.colcon_installed_package_information.package_discovery:Found 180 installed packages in /opt/ros/humble
[0.709s] Level 1:colcon.colcon_core.package_discovery:discover_packages(prefix_path) using defaults
[0.765s] Level 5:colcon.colcon_core.verb:set package 'player' build argument 'cmake_args' from command line to 'None'
[0.765s] Level 5:colcon.colcon_core.verb:set package 'player' build argument 'cmake_target' from command line to 'None'
[0.765s] Level 5:colcon.colcon_core.verb:set package 'player' build argument 'cmake_target_skip_unavailable' from command line to 'False'
[0.766s] Level 5:colcon.colcon_core.verb:set package 'player' build argument 'cmake_clean_cache' from command line to 'False'
[0.766s] Level 5:colcon.colcon_core.verb:set package 'player' build argument 'cmake_clean_first' from command line to 'False'
[0.766s] Level 5:colcon.colcon_core.verb:set package 'player' build argument 'cmake_force_configure' from command line to 'False'
[0.766s] Level 5:colcon.colcon_core.verb:set package 'player' build argument 'ament_cmake_args' from command line to 'None'
[0.766s] Level 5:colcon.colcon_core.verb:set package 'player' build argument 'catkin_cmake_args' from command line to 'None'
[0.766s] Level 5:colcon.colcon_core.verb:set package 'player' build argument 'catkin_skip_building_tests' from command line to 'False'
[0.766s] DEBUG:colcon.colcon_core.verb:Building package 'player' with the following arguments: {'ament_cmake_args': None, 'build_base': '/home/ubuntu/SDE_Interview_Prep/ROS2.0_Chess/build/player', 'catkin_cmake_args': None, 'catkin_skip_building_tests': False, 'cmake_args': None, 'cmake_clean_cache': False, 'cmake_clean_first': False, 'cmake_force_configure': False, 'cmake_target': None, 'cmake_target_skip_unavailable': False, 'install_base': '/home/ubuntu/SDE_Interview_Prep/ROS2.0_Chess/install/player', 'merge_install': False, 'path': '/home/ubuntu/SDE_Interview_Prep/ROS2.0_Chess/src/player', 'symlink_install': False, 'test_result_base': None}
[0.767s] Level 5:colcon.colcon_core.verb:set package 'stockfish' build argument 'cmake_args' from command line to 'None'
[0.767s] Level 5:colcon.colcon_core.verb:set package 'stockfish' build argument 'cmake_target' from command line to 'None'
[0.767s] Level 5:colcon.colcon_core.verb:set package 'stockfish' build argument 'cmake_target_skip_unavailable' from command line to 'False'
[0.767s] Level 5:colcon.colcon_core.verb:set package 'stockfish' build argument 'cmake_clean_cache' from command line to 'False'
[0.767s] Level 5:colcon.colcon_core.verb:set package 'stockfish' build argument 'cmake_clean_first' from command line to 'False'
[0.767s] Level 5:colcon.colcon_core.verb:set package 'stockfish' build argument 'cmake_force_configure' from command line to 'False'
[0.767s] Level 5:colcon.colcon_core.verb:set package 'stockfish' build argument 'ament_cmake_args' from command line to 'None'
[0.767s] Level 5:colcon.colcon_core.verb:set package 'stockfish' build argument 'catkin_cmake_args' from command line to 'None'
[0.767s] Level 5:colcon.colcon_core.verb:set package 'stockfish' build argument 'catkin_skip_building_tests' from command line to 'False'
[0.767s] DEBUG:colcon.colcon_core.verb:Building package 'stockfish' with the following arguments: {'ament_cmake_args': None, 'build_base': '/home/ubuntu/SDE_Interview_Prep/ROS2.0_Chess/build/stockfish', 'catkin_cmake_args': None, 'catkin_skip_building_tests': False, 'cmake_args': None, 'cmake_clean_cache': False, 'cmake_clean_first': False, 'cmake_force_configure': False, 'cmake_target': None, 'cmake_target_skip_unavailable': False, 'install_base': '/home/ubuntu/SDE_Interview_Prep/ROS2.0_Chess/install/stockfish', 'merge_install': False, 'path': '/home/ubuntu/SDE_Interview_Prep/ROS2.0_Chess/src/stockfish', 'symlink_install': False, 'test_result_base': None}
[0.768s] INFO:colcon.colcon_core.executor:Executing jobs using 'parallel' executor
[0.773s] DEBUG:colcon.colcon_parallel_executor.executor.parallel:run_until_complete
[0.773s] INFO:colcon.colcon_ros.task.ament_cmake.build:Building ROS package in '/home/ubuntu/SDE_Interview_Prep/ROS2.0_Chess/src/player' with build type 'ament_cmake'
[0.773s] INFO:colcon.colcon_cmake.task.cmake.build:Building CMake package in '/home/ubuntu/SDE_Interview_Prep/ROS2.0_Chess/src/player'
[0.792s] INFO:colcon.colcon_core.plugin_system:Skipping extension 'colcon_core.shell.bat': Not used on non-Windows systems
[0.793s] INFO:colcon.colcon_core.shell:Skip shell extension 'powershell' for command environment: Not usable outside of PowerShell
[0.793s] DEBUG:colcon.colcon_core.shell:Skip shell extension 'dsv' for command environment
[0.804s] DEBUG:colcon.colcon_core.event_handler.log_command:Invoking command in '/home/ubuntu/SDE_Interview_Prep/ROS2.0_Chess/build/player': CMAKE_PREFIX_PATH=/opt/ros/humble /usr/bin/cmake --build /home/ubuntu/SDE_Interview_Prep/ROS2.0_Chess/build/player -- -j1 -l1
[14.840s] DEBUG:colcon.colcon_core.event_handler.log_command:Invoked command in '/home/ubuntu/SDE_Interview_Prep/ROS2.0_Chess/build/player' returned '0': CMAKE_PREFIX_PATH=/opt/ros/humble /usr/bin/cmake --build /home/ubuntu/SDE_Interview_Prep/ROS2.0_Chess/build/player -- -j1 -l1
[14.885s] DEBUG:colcon.colcon_core.event_handler.log_command:Invoking command in '/home/ubuntu/SDE_Interview_Prep/ROS2.0_Chess/build/player': CMAKE_PREFIX_PATH=/opt/ros/humble /usr/bin/cmake --install /home/ubuntu/SDE_Interview_Prep/ROS2.0_Chess/build/player
[14.944s] Level 1:colcon.colcon_core.environment:create_environment_scripts_only(player)
[14.945s] DEBUG:colcon.colcon_core.event_handler.log_command:Invoked command in '/home/ubuntu/SDE_Interview_Prep/ROS2.0_Chess/build/player' returned '0': CMAKE_PREFIX_PATH=/opt/ros/humble /usr/bin/cmake --install /home/ubuntu/SDE_Interview_Prep/ROS2.0_Chess/build/player
[14.979s] Level 1:colcon.colcon_core.environment:checking '/home/ubuntu/SDE_Interview_Prep/ROS2.0_Chess/install/player' for CMake module files
[14.980s] Level 1:colcon.colcon_core.environment:checking '/home/ubuntu/SDE_Interview_Prep/ROS2.0_Chess/install/player' for CMake config files
[14.983s] Level 1:colcon.colcon_core.shell:create_environment_hook('player', 'cmake_prefix_path')
[14.985s] INFO:colcon.colcon_core.shell:Creating environment hook '/home/ubuntu/SDE_Interview_Prep/ROS2.0_Chess/install/player/share/player/hook/cmake_prefix_path.ps1'
[14.988s] INFO:colcon.colcon_core.shell:Creating environment descriptor '/home/ubuntu/SDE_Interview_Prep/ROS2.0_Chess/install/player/share/player/hook/cmake_prefix_path.dsv'
[14.992s] INFO:colcon.colcon_core.shell:Creating environment hook '/home/ubuntu/SDE_Interview_Prep/ROS2.0_Chess/install/player/share/player/hook/cmake_prefix_path.sh'
[14.994s] Level 1:colcon.colcon_core.environment:checking '/home/ubuntu/SDE_Interview_Prep/ROS2.0_Chess/install/player/lib'
[14.994s] Level 1:colcon.colcon_core.environment:checking '/home/ubuntu/SDE_Interview_Prep/ROS2.0_Chess/install/player/bin'
[14.994s] Level 1:colcon.colcon_core.environment:checking '/home/ubuntu/SDE_Interview_Prep/ROS2.0_Chess/install/player/lib/pkgconfig/player.pc'
[14.995s] Level 1:colcon.colcon_core.environment:checking '/home/ubuntu/SDE_Interview_Prep/ROS2.0_Chess/install/player/lib/python3.10/site-packages'
[14.995s] Level 1:colcon.colcon_core.environment:checking '/home/ubuntu/SDE_Interview_Prep/ROS2.0_Chess/install/player/bin'
[14.997s] INFO:colcon.colcon_core.shell:Creating package script '/home/ubuntu/SDE_Interview_Prep/ROS2.0_Chess/install/player/share/player/package.ps1'
[14.999s] INFO:colcon.colcon_core.shell:Creating package descriptor '/home/ubuntu/SDE_Interview_Prep/ROS2.0_Chess/install/player/share/player/package.dsv'
[15.000s] INFO:colcon.colcon_core.shell:Creating package script '/home/ubuntu/SDE_Interview_Prep/ROS2.0_Chess/install/player/share/player/package.sh'
[15.002s] INFO:colcon.colcon_core.shell:Creating package script '/home/ubuntu/SDE_Interview_Prep/ROS2.0_Chess/install/player/share/player/package.bash'
[15.005s] INFO:colcon.colcon_core.shell:Creating package script '/home/ubuntu/SDE_Interview_Prep/ROS2.0_Chess/install/player/share/player/package.zsh'
[15.008s] Level 1:colcon.colcon_core.environment:create_file_with_runtime_dependencies(/home/ubuntu/SDE_Interview_Prep/ROS2.0_Chess/install/player/share/colcon-core/packages/player)
[15.036s] Level 1:colcon.colcon_core.environment:create_environment_scripts_only(player)
[15.039s] Level 1:colcon.colcon_core.environment:checking '/home/ubuntu/SDE_Interview_Prep/ROS2.0_Chess/install/player' for CMake module files
[15.039s] Level 1:colcon.colcon_core.environment:checking '/home/ubuntu/SDE_Interview_Prep/ROS2.0_Chess/install/player' for CMake config files
[15.039s] Level 1:colcon.colcon_core.shell:create_environment_hook('player', 'cmake_prefix_path')
[15.041s] INFO:colcon.colcon_core.shell:Creating environment hook '/home/ubuntu/SDE_Interview_Prep/ROS2.0_Chess/install/player/share/player/hook/cmake_prefix_path.ps1'
[15.041s] INFO:colcon.colcon_core.shell:Creating environment descriptor '/home/ubuntu/SDE_Interview_Prep/ROS2.0_Chess/install/player/share/player/hook/cmake_prefix_path.dsv'
[15.042s] INFO:colcon.colcon_core.shell:Creating environment hook '/home/ubuntu/SDE_Interview_Prep/ROS2.0_Chess/install/player/share/player/hook/cmake_prefix_path.sh'
[15.042s] Level 1:colcon.colcon_core.environment:checking '/home/ubuntu/SDE_Interview_Prep/ROS2.0_Chess/install/player/lib'
[15.043s] Level 1:colcon.colcon_core.environment:checking '/home/ubuntu/SDE_Interview_Prep/ROS2.0_Chess/install/player/bin'
[15.043s] Level 1:colcon.colcon_core.environment:checking '/home/ubuntu/SDE_Interview_Prep/ROS2.0_Chess/install/player/lib/pkgconfig/player.pc'
[15.043s] Level 1:colcon.colcon_core.environment:checking '/home/ubuntu/SDE_Interview_Prep/ROS2.0_Chess/install/player/lib/python3.10/site-packages'
[15.043s] Level 1:colcon.colcon_core.environment:checking '/home/ubuntu/SDE_Interview_Prep/ROS2.0_Chess/install/player/bin'
[15.045s] INFO:colcon.colcon_core.shell:Creating package script '/home/ubuntu/SDE_Interview_Prep/ROS2.0_Chess/install/player/share/player/package.ps1'
[15.046s] INFO:colcon.colcon_core.shell:Creating package descriptor '/home/ubuntu/SDE_Interview_Prep/ROS2.0_Chess/install/player/share/player/package.dsv'
[15.046s] INFO:colcon.colcon_core.shell:Creating package script '/home/ubuntu/SDE_Interview_Prep/ROS2.0_Chess/install/player/share/player/package.sh'
[15.047s] INFO:colcon.colcon_core.shell:Creating package script '/home/ubuntu/SDE_Interview_Prep/ROS2.0_Chess/install/player/share/player/package.bash'
[15.047s] INFO:colcon.colcon_core.shell:Creating package script '/home/ubuntu/SDE_Interview_Prep/ROS2.0_Chess/install/player/share/player/package.zsh'
[15.048s] Level 1:colcon.colcon_core.environment:create_file_with_runtime_dependencies(/home/ubuntu/SDE_Interview_Prep/ROS2.0_Chess/install/player/share/colcon-core/packages/player)
[15.050s] INFO:colcon.colcon_ros.task.ament_cmake.build:Building ROS package in '/home/ubuntu/SDE_Interview_Prep/ROS2.0_Chess/src/stockfish' with build type 'ament_cmake'
[15.051s] INFO:colcon.colcon_cmake.task.cmake.build:Building CMake package in '/home/ubuntu/SDE_Interview_Prep/ROS2.0_Chess/src/stockfish'
[15.053s] INFO:colcon.colcon_core.shell:Skip shell extension 'powershell' for command environment: Not usable outside of PowerShell
[15.053s] DEBUG:colcon.colcon_core.shell:Skip shell extension 'dsv' for command environment
[15.077s] DEBUG:colcon.colcon_core.event_handler.log_command:Invoking command in '/home/ubuntu/SDE_Interview_Prep/ROS2.0_Chess/build/stockfish': CMAKE_PREFIX_PATH=/opt/ros/humble /usr/bin/cmake --build /home/ubuntu/SDE_Interview_Prep/ROS2.0_Chess/build/stockfish -- -j1 -l1
[23.724s] DEBUG:colcon.colcon_core.event_handler.log_command:Invoked command in '/home/ubuntu/SDE_Interview_Prep/ROS2.0_Chess/build/stockfish' returned '0': CMAKE_PREFIX_PATH=/opt/ros/humble /usr/bin/cmake --build /home/ubuntu/SDE_Interview_Prep/ROS2.0_Chess/build/stockfish -- -j1 -l1
[23.749s] DEBUG:colcon.colcon_core.event_handler.log_command:Invoking command in '/home/ubuntu/SDE_Interview_Prep/ROS2.0_Chess/build/stockfish': CMAKE_PREFIX_PATH=/opt/ros/humble /usr/bin/cmake --install /home/ubuntu/SDE_Interview_Prep/ROS2.0_Chess/build/stockfish
[23.770s] Level 1:colcon.colcon_core.environment:create_environment_scripts_only(stockfish)
[23.772s] Level 1:colcon.colcon_core.environment:checking '/home/ubuntu/SDE_Interview_Prep/ROS2.0_Chess/install/stockfish' for CMake module files
[23.772s] DEBUG:colcon.colcon_core.event_handler.log_command:Invoked command in '/home/ubuntu/SDE_Interview_Prep/ROS2.0_Chess/build/stockfish' returned '0': CMAKE_PREFIX_PATH=/opt/ros/humble /usr/bin/cmake --install /home/ubuntu/SDE_Interview_Prep/ROS2.0_Chess/build/stockfish
[23.775s] Level 1:colcon.colcon_core.environment:checking '/home/ubuntu/SDE_Interview_Prep/ROS2.0_Chess/install/stockfish' for CMake config files
[23.776s] Level 1:colcon.colcon_core.shell:create_environment_hook('stockfish', 'cmake_prefix_path')
[23.778s] INFO:colcon.colcon_core.shell:Creating environment hook '/home/ubuntu/SDE_Interview_Prep/ROS2.0_Chess/install/stockfish/share/stockfish/hook/cmake_prefix_path.ps1'
[23.780s] INFO:colcon.colcon_core.shell:Creating environment descriptor '/home/ubuntu/SDE_Interview_Prep/ROS2.0_Chess/install/stockfish/share/stockfish/hook/cmake_prefix_path.dsv'
[23.780s] INFO:colcon.colcon_core.shell:Creating environment hook '/home/ubuntu/SDE_Interview_Prep/ROS2.0_Chess/install/stockfish/share/stockfish/hook/cmake_prefix_path.sh'
[23.781s] Level 1:colcon.colcon_core.environment:checking '/home/ubuntu/SDE_Interview_Prep/ROS2.0_Chess/install/stockfish/lib'
[23.781s] Level 1:colcon.colcon_core.environment:checking '/home/ubuntu/SDE_Interview_Prep/ROS2.0_Chess/install/stockfish/bin'
[23.781s] Level 1:colcon.colcon_core.environment:checking '/home/ubuntu/SDE_Interview_Prep/ROS2.0_Chess/install/stockfish/lib/pkgconfig/stockfish.pc'
[23.782s] Level 1:colcon.colcon_core.environment:checking '/home/ubuntu/SDE_Interview_Prep/ROS2.0_Chess/install/stockfish/lib/python3.10/site-packages'
[23.782s] Level 1:colcon.colcon_core.environment:checking '/home/ubuntu/SDE_Interview_Prep/ROS2.0_Chess/install/stockfish/bin'
[23.783s] INFO:colcon.colcon_core.shell:Creating package script '/home/ubuntu/SDE_Interview_Prep/ROS2.0_Chess/install/stockfish/share/stockfish/package.ps1'
[23.784s] INFO:colcon.colcon_core.shell:Creating package descriptor '/home/ubuntu/SDE_Interview_Prep/ROS2.0_Chess/install/stockfish/share/stockfish/package.dsv'
[23.785s] INFO:colcon.colcon_core.shell:Creating package script '/home/ubuntu/SDE_Interview_Prep/ROS2.0_Chess/install/stockfish/share/stockfish/package.sh'
[23.785s] INFO:colcon.colcon_core.shell:Creating package script '/home/ubuntu/SDE_Interview_Prep/ROS2.0_Chess/install/stockfish/share/stockfish/package.bash'
[23.786s] INFO:colcon.colcon_core.shell:Creating package script '/home/ubuntu/SDE_Interview_Prep/ROS2.0_Chess/install/stockfish/share/stockfish/package.zsh'
[23.786s] Level 1:colcon.colcon_core.environment:create_file_with_runtime_dependencies(/home/ubuntu/SDE_Interview_Prep/ROS2.0_Chess/install/stockfish/share/colcon-core/packages/stockfish)
[23.812s] Level 1:colcon.colcon_core.environment:create_environment_scripts_only(stockfish)
[23.814s] Level 1:colcon.colcon_core.environment:checking '/home/ubuntu/SDE_Interview_Prep/ROS2.0_Chess/install/stockfish' for CMake module files
[23.815s] Level 1:colcon.colcon_core.environment:checking '/home/ubuntu/SDE_Interview_Prep/ROS2.0_Chess/install/stockfish' for CMake config files
[23.815s] Level 1:colcon.colcon_core.shell:create_environment_hook('stockfish', 'cmake_prefix_path')
[23.817s] INFO:colcon.colcon_core.shell:Creating environment hook '/home/ubuntu/SDE_Interview_Prep/ROS2.0_Chess/install/stockfish/share/stockfish/hook/cmake_prefix_path.ps1'
[23.817s] INFO:colcon.colcon_core.shell:Creating environment descriptor '/home/ubuntu/SDE_Interview_Prep/ROS2.0_Chess/install/stockfish/share/stockfish/hook/cmake_prefix_path.dsv'
[23.818s] INFO:colcon.colcon_core.shell:Creating environment hook '/home/ubuntu/SDE_Interview_Prep/ROS2.0_Chess/install/stockfish/share/stockfish/hook/cmake_prefix_path.sh'
[23.819s] Level 1:colcon.colcon_core.environment:checking '/home/ubuntu/SDE_Interview_Prep/ROS2.0_Chess/install/stockfish/lib'
[23.819s] Level 1:colcon.colcon_core.environment:checking '/home/ubuntu/SDE_Interview_Prep/ROS2.0_Chess/install/stockfish/bin'
[23.819s] Level 1:colcon.colcon_core.environment:checking '/home/ubuntu/SDE_Interview_Prep/ROS2.0_Chess/install/stockfish/lib/pkgconfig/stockfish.pc'
[23.819s] Level 1:colcon.colcon_core.environment:checking '/home/ubuntu/SDE_Interview_Prep/ROS2.0_Chess/install/stockfish/lib/python3.10/site-packages'
[23.819s] Level 1:colcon.colcon_core.environment:checking '/home/ubuntu/SDE_Interview_Prep/ROS2.0_Chess/install/stockfish/bin'
[23.821s] INFO:colcon.colcon_core.shell:Creating package script '/home/ubuntu/SDE_Interview_Prep/ROS2.0_Chess/install/stockfish/share/stockfish/package.ps1'
[23.822s] INFO:colcon.colcon_core.shell:Creating package descriptor '/home/ubuntu/SDE_Interview_Prep/ROS2.0_Chess/install/stockfish/share/stockfish/package.dsv'
[23.822s] INFO:colcon.colcon_core.shell:Creating package script '/home/ubuntu/SDE_Interview_Prep/ROS2.0_Chess/install/stockfish/share/stockfish/package.sh'
[23.823s] INFO:colcon.colcon_core.shell:Creating package script '/home/ubuntu/SDE_Interview_Prep/ROS2.0_Chess/install/stockfish/share/stockfish/package.bash'
[23.823s] INFO:colcon.colcon_core.shell:Creating package script '/home/ubuntu/SDE_Interview_Prep/ROS2.0_Chess/install/stockfish/share/stockfish/package.zsh'
[23.824s] Level 1:colcon.colcon_core.environment:create_file_with_runtime_dependencies(/home/ubuntu/SDE_Interview_Prep/ROS2.0_Chess/install/stockfish/share/colcon-core/packages/stockfish)
[23.826s] DEBUG:colcon.colcon_parallel_executor.executor.parallel:closing loop
[23.826s] DEBUG:colcon.colcon_parallel_executor.executor.parallel:loop closed
[23.826s] DEBUG:colcon.colcon_parallel_executor.executor.parallel:run_until_complete finished with '0'
[23.826s] DEBUG:colcon.colcon_core.event_reactor:joining thread
[23.860s] INFO:colcon.colcon_core.plugin_system:Skipping extension 'colcon_notification.desktop_notification.notify_send': Could not find 'notify-send'
[23.860s] INFO:colcon.colcon_core.plugin_system:Skipping extension 'colcon_notification.desktop_notification.terminal_notifier': Not used on non-Darwin systems
[23.860s] INFO:colcon.colcon_core.plugin_system:Skipping extension 'colcon_notification.desktop_notification.win32': Not used on non-Windows systems
[23.860s] INFO:colcon.colcon_notification.desktop_notification:Sending desktop notification using 'notify2'
[23.968s] DEBUG:colcon.colcon_notification.desktop_notification.notify2:Failed to initialize notify2: org.freedesktop.DBus.Error.ServiceUnknown: The name org.freedesktop.Notifications was not provided by any .service files
[23.968s] DEBUG:colcon.colcon_core.event_reactor:joined thread
[23.970s] INFO:colcon.colcon_core.shell:Creating prefix script '/home/ubuntu/SDE_Interview_Prep/ROS2.0_Chess/install/local_setup.ps1'
[23.972s] INFO:colcon.colcon_core.shell:Creating prefix util module '/home/ubuntu/SDE_Interview_Prep/ROS2.0_Chess/install/_local_setup_util_ps1.py'
[23.975s] INFO:colcon.colcon_core.shell:Creating prefix chain script '/home/ubuntu/SDE_Interview_Prep/ROS2.0_Chess/install/setup.ps1'
[23.977s] INFO:colcon.colcon_core.shell:Creating prefix script '/home/ubuntu/SDE_Interview_Prep/ROS2.0_Chess/install/local_setup.sh'
[23.978s] INFO:colcon.colcon_core.shell:Creating prefix util module '/home/ubuntu/SDE_Interview_Prep/ROS2.0_Chess/install/_local_setup_util_sh.py'
[23.979s] INFO:colcon.colcon_core.shell:Creating prefix chain script '/home/ubuntu/SDE_Interview_Prep/ROS2.0_Chess/install/setup.sh'
[23.981s] INFO:colcon.colcon_core.shell:Creating prefix script '/home/ubuntu/SDE_Interview_Prep/ROS2.0_Chess/install/local_setup.bash'
[23.982s] INFO:colcon.colcon_core.shell:Creating prefix chain script '/home/ubuntu/SDE_Interview_Prep/ROS2.0_Chess/install/setup.bash'
[23.984s] INFO:colcon.colcon_core.shell:Creating prefix script '/home/ubuntu/SDE_Interview_Prep/ROS2.0_Chess/install/local_setup.zsh'
[23.986s] INFO:colcon.colcon_core.shell:Creating prefix chain script '/home/ubuntu/SDE_Interview_Prep/ROS2.0_Chess/install/setup.zsh'
