[0.026s] Invoking command in '/home/ubuntu/SDE_Interview_Prep/ROS2.0_Chess/build/stockfish': CMAKE_PREFIX_PATH=/opt/ros/humble /usr/bin/cmake --build /home/ubuntu/SDE_Interview_Prep/ROS2.0_Chess/build/stockfish -- -j1 -l1
[0.139s] -- Found ament_cmake: 1.3.2 (/opt/ros/humble/share/ament_cmake/cmake)
[0.597s] -- Found rclcpp: 16.0.1 (/opt/ros/humble/share/rclcpp/cmake)
[0.755s] -- Found rosidl_generator_c: 3.1.3 (/opt/ros/humble/share/rosidl_generator_c/cmake)
[0.769s] -- Found rosidl_adapter: 3.1.3 (/opt/ros/humble/share/rosidl_adapter/cmake)
[0.796s] -- Found rosidl_generator_cpp: 3.1.3 (/opt/ros/humble/share/rosidl_generator_cpp/cmake)
[0.844s] -- Using all available rosidl_typesupport_c: rosidl_typesupport_fastrtps_c;rosidl_typesupport_introspection_c
[0.899s] -- Using all available rosidl_typesupport_cpp: rosidl_typesupport_fastrtps_cpp;rosidl_typesupport_introspection_cpp
[1.051s] -- Found rmw_implementation_cmake: 6.1.0 (/opt/ros/humble/share/rmw_implementation_cmake/cmake)
[1.064s] -- Found rmw_fastrtps_cpp: 6.2.1 (/opt/ros/humble/share/rmw_fastrtps_cpp/cmake)
[1.257s] -- Found OpenSSL: /usr/lib/x86_64-linux-gnu/libcrypto.so (found version "3.0.2")  
[1.280s] -- Found FastRTPS: /opt/ros/humble/include  
[1.320s] -- Using RMW implementation 'rmw_fastrtps_cpp' as default
[1.625s] -- Found ament_lint_auto: 0.12.4 (/opt/ros/humble/share/ament_lint_auto/cmake)
[1.792s] -- Added test 'cppcheck' to perform static code analysis on C / C++ code
[1.793s] -- Configured cppcheck include dirs: 
[1.793s] -- Configured cppcheck exclude dirs and/or files: 
[1.796s] -- Added test 'lint_cmake' to check CMake code style
[1.798s] -- Added test 'uncrustify' to check C / C++ code style
[1.799s] -- Configured uncrustify additional arguments: 
[1.800s] -- Added test 'xmllint' to check XML markup files
[1.808s] -- Configuring done
[1.844s] -- Generating done
[1.848s] -- Build files have been written to: /home/ubuntu/SDE_Interview_Prep/ROS2.0_Chess/build/stockfish
[1.884s] [ 50%] [32mBuilding CXX object CMakeFiles/talker.dir/src/publisher_member_function.cpp.o[0m
[8.446s] [100%] [32m[1mLinking CXX executable talker[0m
[8.663s] [100%] Built target talker
[8.674s] Invoked command in '/home/ubuntu/SDE_Interview_Prep/ROS2.0_Chess/build/stockfish' returned '0': CMAKE_PREFIX_PATH=/opt/ros/humble /usr/bin/cmake --build /home/ubuntu/SDE_Interview_Prep/ROS2.0_Chess/build/stockfish -- -j1 -l1
[8.698s] Invoking command in '/home/ubuntu/SDE_Interview_Prep/ROS2.0_Chess/build/stockfish': CMAKE_PREFIX_PATH=/opt/ros/humble /usr/bin/cmake --install /home/ubuntu/SDE_Interview_Prep/ROS2.0_Chess/build/stockfish
[8.706s] -- Install configuration: ""
[8.707s] -- Installing: /home/ubuntu/SDE_Interview_Prep/ROS2.0_Chess/install/stockfish/lib/stockfish/talker
[8.709s] -- Set runtime path of "/home/ubuntu/SDE_Interview_Prep/ROS2.0_Chess/install/stockfish/lib/stockfish/talker" to ""
[8.710s] -- Installing: /home/ubuntu/SDE_Interview_Prep/ROS2.0_Chess/install/stockfish/share/ament_index/resource_index/package_run_dependencies/stockfish
[8.711s] -- Installing: /home/ubuntu/SDE_Interview_Prep/ROS2.0_Chess/install/stockfish/share/ament_index/resource_index/parent_prefix_path/stockfish
[8.712s] -- Up-to-date: /home/ubuntu/SDE_Interview_Prep/ROS2.0_Chess/install/stockfish/share/stockfish/environment/ament_prefix_path.sh
[8.713s] -- Installing: /home/ubuntu/SDE_Interview_Prep/ROS2.0_Chess/install/stockfish/share/stockfish/environment/ament_prefix_path.dsv
[8.713s] -- Up-to-date: /home/ubuntu/SDE_Interview_Prep/ROS2.0_Chess/install/stockfish/share/stockfish/environment/path.sh
[8.713s] -- Installing: /home/ubuntu/SDE_Interview_Prep/ROS2.0_Chess/install/stockfish/share/stockfish/environment/path.dsv
[8.714s] -- Up-to-date: /home/ubuntu/SDE_Interview_Prep/ROS2.0_Chess/install/stockfish/share/stockfish/local_setup.bash
[8.714s] -- Up-to-date: /home/ubuntu/SDE_Interview_Prep/ROS2.0_Chess/install/stockfish/share/stockfish/local_setup.sh
[8.714s] -- Up-to-date: /home/ubuntu/SDE_Interview_Prep/ROS2.0_Chess/install/stockfish/share/stockfish/local_setup.zsh
[8.715s] -- Installing: /home/ubuntu/SDE_Interview_Prep/ROS2.0_Chess/install/stockfish/share/stockfish/local_setup.dsv
[8.715s] -- Installing: /home/ubuntu/SDE_Interview_Prep/ROS2.0_Chess/install/stockfish/share/stockfish/package.dsv
[8.716s] -- Up-to-date: /home/ubuntu/SDE_Interview_Prep/ROS2.0_Chess/install/stockfish/share/ament_index/resource_index/packages/stockfish
[8.717s] -- Up-to-date: /home/ubuntu/SDE_Interview_Prep/ROS2.0_Chess/install/stockfish/share/stockfish/cmake/stockfishConfig.cmake
[8.717s] -- Up-to-date: /home/ubuntu/SDE_Interview_Prep/ROS2.0_Chess/install/stockfish/share/stockfish/cmake/stockfishConfig-version.cmake
[8.718s] -- Installing: /home/ubuntu/SDE_Interview_Prep/ROS2.0_Chess/install/stockfish/share/stockfish/package.xml
[8.722s] Invoked command in '/home/ubuntu/SDE_Interview_Prep/ROS2.0_Chess/build/stockfish' returned '0': CMAKE_PREFIX_PATH=/opt/ros/humble /usr/bin/cmake --install /home/ubuntu/SDE_Interview_Prep/ROS2.0_Chess/build/stockfish
