[0.372s] DEBUG:colcon:Command line arguments: ['/usr/bin/colcon', 'build']
[0.372s] DEBUG:colcon:Parsed command line arguments: Namespace(log_base=None, log_level=None, verb_name='build', build_base='build', install_base='install', merge_install=False, symlink_install=False, test_result_base=None, continue_on_error=False, executor='parallel', parallel_workers=1, event_handlers=None, ignore_user_meta=False, metas=['./colcon.meta'], base_paths=['.'], packages_ignore=None, packages_ignore_regex=None, paths=None, packages_up_to=None, packages_up_to_regex=None, packages_above=None, packages_above_and_dependencies=None, packages_above_depth=None, packages_select_by_dep=None, packages_skip_by_dep=None, packages_skip_up_to=None, packages_select_build_failed=False, packages_skip_build_finished=False, packages_select_test_failures=False, packages_skip_test_passed=False, packages_select=None, packages_skip=None, packages_select_regex=None, packages_skip_regex=None, packages_start=None, packages_end=None, allow_overriding=[], cmake_args=None, cmake_target=None, cmake_target_skip_unavailable=False, cmake_clean_cache=False, cmake_clean_first=False, cmake_force_configure=False, ament_cmake_args=None, catkin_cmake_args=None, catkin_skip_building_tests=False, verb_parser=<colcon_defaults.argument_parser.defaults.DefaultArgumentsDecorator object at 0x7f127ef7d600>, verb_extension=<colcon_core.verb.build.BuildVerb object at 0x7f127f2abb80>, main=<bound method BuildVerb.main of <colcon_core.verb.build.BuildVerb object at 0x7f127f2abb80>>)
[0.402s] Level 1:colcon.colcon_core.package_discovery:discover_packages(colcon_meta) check parameters
[0.403s] Level 1:colcon.colcon_core.package_discovery:discover_packages(recursive) check parameters
[0.403s] Level 1:colcon.colcon_core.package_discovery:discover_packages(ignore) check parameters
[0.403s] Level 1:colcon.colcon_core.package_discovery:discover_packages(path) check parameters
[0.403s] Level 1:colcon.colcon_core.package_discovery:discover_packages(colcon_meta) discover
[0.403s] Level 1:colcon.colcon_core.package_discovery:discover_packages(recursive) discover
[0.403s] INFO:colcon.colcon_core.package_discovery:Crawling recursively for packages in '/home/ubuntu/SDE_Interview_Prep/ROS2.0_Chess'
[0.403s] Level 1:colcon.colcon_core.package_identification:_identify(.) by extensions ['ignore', 'ignore_ament_install']
[0.404s] Level 1:colcon.colcon_core.package_identification:_identify(.) by extension 'ignore'
[0.404s] Level 1:colcon.colcon_core.package_identification:_identify(.) by extension 'ignore_ament_install'
[0.404s] Level 1:colcon.colcon_core.package_identification:_identify(.) by extensions ['colcon_pkg']
[0.404s] Level 1:colcon.colcon_core.package_identification:_identify(.) by extension 'colcon_pkg'
[0.404s] Level 1:colcon.colcon_core.package_identification:_identify(.) by extensions ['colcon_meta']
[0.404s] Level 1:colcon.colcon_core.package_identification:_identify(.) by extension 'colcon_meta'
[0.404s] Level 1:colcon.colcon_core.package_identification:_identify(.) by extensions ['ros']
[0.404s] Level 1:colcon.colcon_core.package_identification:_identify(.) by extension 'ros'
[0.428s] Level 1:colcon.colcon_core.package_identification:_identify(.) by extensions ['cmake', 'python']
[0.428s] Level 1:colcon.colcon_core.package_identification:_identify(.) by extension 'cmake'
[0.428s] Level 1:colcon.colcon_core.package_identification:_identify(.) by extension 'python'
[0.428s] Level 1:colcon.colcon_core.package_identification:_identify(.) by extensions ['python_setup_py']
[0.428s] Level 1:colcon.colcon_core.package_identification:_identify(.) by extension 'python_setup_py'
[0.429s] Level 1:colcon.colcon_core.package_identification:_identify(build) by extensions ['ignore', 'ignore_ament_install']
[0.429s] Level 1:colcon.colcon_core.package_identification:_identify(build) by extension 'ignore'
[0.429s] Level 1:colcon.colcon_core.package_identification:_identify(build) ignored
[0.429s] Level 1:colcon.colcon_core.package_identification:_identify(install) by extensions ['ignore', 'ignore_ament_install']
[0.429s] Level 1:colcon.colcon_core.package_identification:_identify(install) by extension 'ignore'
[0.430s] Level 1:colcon.colcon_core.package_identification:_identify(install) ignored
[0.430s] Level 1:colcon.colcon_core.package_identification:_identify(log) by extensions ['ignore', 'ignore_ament_install']
[0.430s] Level 1:colcon.colcon_core.package_identification:_identify(log) by extension 'ignore'
[0.430s] Level 1:colcon.colcon_core.package_identification:_identify(log) ignored
[0.431s] Level 1:colcon.colcon_core.package_identification:_identify(src) by extensions ['ignore', 'ignore_ament_install']
[0.431s] Level 1:colcon.colcon_core.package_identification:_identify(src) by extension 'ignore'
[0.431s] Level 1:colcon.colcon_core.package_identification:_identify(src) by extension 'ignore_ament_install'
[0.431s] Level 1:colcon.colcon_core.package_identification:_identify(src) by extensions ['colcon_pkg']
[0.431s] Level 1:colcon.colcon_core.package_identification:_identify(src) by extension 'colcon_pkg'
[0.431s] Level 1:colcon.colcon_core.package_identification:_identify(src) by extensions ['colcon_meta']
[0.431s] Level 1:colcon.colcon_core.package_identification:_identify(src) by extension 'colcon_meta'
[0.431s] Level 1:colcon.colcon_core.package_identification:_identify(src) by extensions ['ros']
[0.431s] Level 1:colcon.colcon_core.package_identification:_identify(src) by extension 'ros'
[0.432s] Level 1:colcon.colcon_core.package_identification:_identify(src) by extensions ['cmake', 'python']
[0.432s] Level 1:colcon.colcon_core.package_identification:_identify(src) by extension 'cmake'
[0.432s] Level 1:colcon.colcon_core.package_identification:_identify(src) by extension 'python'
[0.432s] Level 1:colcon.colcon_core.package_identification:_identify(src) by extensions ['python_setup_py']
[0.432s] Level 1:colcon.colcon_core.package_identification:_identify(src) by extension 'python_setup_py'
[0.432s] Level 1:colcon.colcon_core.package_identification:_identify(src/player) by extensions ['ignore', 'ignore_ament_install']
[0.432s] Level 1:colcon.colcon_core.package_identification:_identify(src/player) by extension 'ignore'
[0.432s] Level 1:colcon.colcon_core.package_identification:_identify(src/player) by extension 'ignore_ament_install'
[0.433s] Level 1:colcon.colcon_core.package_identification:_identify(src/player) by extensions ['colcon_pkg']
[0.433s] Level 1:colcon.colcon_core.package_identification:_identify(src/player) by extension 'colcon_pkg'
[0.433s] Level 1:colcon.colcon_core.package_identification:_identify(src/player) by extensions ['colcon_meta']
[0.433s] Level 1:colcon.colcon_core.package_identification:_identify(src/player) by extension 'colcon_meta'
[0.433s] Level 1:colcon.colcon_core.package_identification:_identify(src/player) by extensions ['ros']
[0.433s] Level 1:colcon.colcon_core.package_identification:_identify(src/player) by extension 'ros'
[0.436s] DEBUG:colcon.colcon_core.package_identification:Package 'src/player' with type 'ros.ament_cmake' and name 'player'
[0.436s] Level 1:colcon.colcon_core.package_identification:_identify(src/stockfish) by extensions ['ignore', 'ignore_ament_install']
[0.437s] Level 1:colcon.colcon_core.package_identification:_identify(src/stockfish) by extension 'ignore'
[0.437s] Level 1:colcon.colcon_core.package_identification:_identify(src/stockfish) by extension 'ignore_ament_install'
[0.437s] Level 1:colcon.colcon_core.package_identification:_identify(src/stockfish) by extensions ['colcon_pkg']
[0.437s] Level 1:colcon.colcon_core.package_identification:_identify(src/stockfish) by extension 'colcon_pkg'
[0.437s] Level 1:colcon.colcon_core.package_identification:_identify(src/stockfish) by extensions ['colcon_meta']
[0.437s] Level 1:colcon.colcon_core.package_identification:_identify(src/stockfish) by extension 'colcon_meta'
[0.437s] Level 1:colcon.colcon_core.package_identification:_identify(src/stockfish) by extensions ['ros']
[0.437s] Level 1:colcon.colcon_core.package_identification:_identify(src/stockfish) by extension 'ros'
[0.438s] DEBUG:colcon.colcon_core.package_identification:Package 'src/stockfish' with type 'ros.ament_cmake' and name 'stockfish'
[0.439s] Level 1:colcon.colcon_core.package_discovery:discover_packages(recursive) using defaults
[0.439s] Level 1:colcon.colcon_core.package_discovery:discover_packages(ignore) discover
[0.439s] Level 1:colcon.colcon_core.package_discovery:discover_packages(ignore) using defaults
[0.439s] Level 1:colcon.colcon_core.package_discovery:discover_packages(path) discover
[0.439s] Level 1:colcon.colcon_core.package_discovery:discover_packages(path) using defaults
[0.473s] Level 1:colcon.colcon_core.package_discovery:discover_packages(prefix_path) check parameters
[0.473s] Level 1:colcon.colcon_core.package_discovery:discover_packages(prefix_path) discover
[0.477s] DEBUG:colcon.colcon_installed_package_information.package_discovery:Found 1 installed packages in /home/ubuntu/SDE_Interview_Prep/ROS2.0_Chess/install
[0.479s] DEBUG:colcon.colcon_installed_package_information.package_discovery:Found 180 installed packages in /opt/ros/humble
[0.480s] Level 1:colcon.colcon_core.package_discovery:discover_packages(prefix_path) using defaults
[0.535s] Level 5:colcon.colcon_core.verb:set package 'player' build argument 'cmake_args' from command line to 'None'
[0.535s] Level 5:colcon.colcon_core.verb:set package 'player' build argument 'cmake_target' from command line to 'None'
[0.535s] Level 5:colcon.colcon_core.verb:set package 'player' build argument 'cmake_target_skip_unavailable' from command line to 'False'
[0.535s] Level 5:colcon.colcon_core.verb:set package 'player' build argument 'cmake_clean_cache' from command line to 'False'
[0.535s] Level 5:colcon.colcon_core.verb:set package 'player' build argument 'cmake_clean_first' from command line to 'False'
[0.535s] Level 5:colcon.colcon_core.verb:set package 'player' build argument 'cmake_force_configure' from command line to 'False'
[0.535s] Level 5:colcon.colcon_core.verb:set package 'player' build argument 'ament_cmake_args' from command line to 'None'
[0.535s] Level 5:colcon.colcon_core.verb:set package 'player' build argument 'catkin_cmake_args' from command line to 'None'
[0.535s] Level 5:colcon.colcon_core.verb:set package 'player' build argument 'catkin_skip_building_tests' from command line to 'False'
[0.535s] DEBUG:colcon.colcon_core.verb:Building package 'player' with the following arguments: {'ament_cmake_args': None, 'build_base': '/home/ubuntu/SDE_Interview_Prep/ROS2.0_Chess/build/player', 'catkin_cmake_args': None, 'catkin_skip_building_tests': False, 'cmake_args': None, 'cmake_clean_cache': False, 'cmake_clean_first': False, 'cmake_force_configure': False, 'cmake_target': None, 'cmake_target_skip_unavailable': False, 'install_base': '/home/ubuntu/SDE_Interview_Prep/ROS2.0_Chess/install/player', 'merge_install': False, 'path': '/home/ubuntu/SDE_Interview_Prep/ROS2.0_Chess/src/player', 'symlink_install': False, 'test_result_base': None}
[0.537s] Level 5:colcon.colcon_core.verb:set package 'stockfish' build argument 'cmake_args' from command line to 'None'
[0.537s] Level 5:colcon.colcon_core.verb:set package 'stockfish' build argument 'cmake_target' from command line to 'None'
[0.537s] Level 5:colcon.colcon_core.verb:set package 'stockfish' build argument 'cmake_target_skip_unavailable' from command line to 'False'
[0.537s] Level 5:colcon.colcon_core.verb:set package 'stockfish' build argument 'cmake_clean_cache' from command line to 'False'
[0.537s] Level 5:colcon.colcon_core.verb:set package 'stockfish' build argument 'cmake_clean_first' from command line to 'False'
[0.537s] Level 5:colcon.colcon_core.verb:set package 'stockfish' build argument 'cmake_force_configure' from command line to 'False'
[0.537s] Level 5:colcon.colcon_core.verb:set package 'stockfish' build argument 'ament_cmake_args' from command line to 'None'
[0.537s] Level 5:colcon.colcon_core.verb:set package 'stockfish' build argument 'catkin_cmake_args' from command line to 'None'
[0.537s] Level 5:colcon.colcon_core.verb:set package 'stockfish' build argument 'catkin_skip_building_tests' from command line to 'False'
[0.537s] DEBUG:colcon.colcon_core.verb:Building package 'stockfish' with the following arguments: {'ament_cmake_args': None, 'build_base': '/home/ubuntu/SDE_Interview_Prep/ROS2.0_Chess/build/stockfish', 'catkin_cmake_args': None, 'catkin_skip_building_tests': False, 'cmake_args': None, 'cmake_clean_cache': False, 'cmake_clean_first': False, 'cmake_force_configure': False, 'cmake_target': None, 'cmake_target_skip_unavailable': False, 'install_base': '/home/ubuntu/SDE_Interview_Prep/ROS2.0_Chess/install/stockfish', 'merge_install': False, 'path': '/home/ubuntu/SDE_Interview_Prep/ROS2.0_Chess/src/stockfish', 'symlink_install': False, 'test_result_base': None}
[0.538s] INFO:colcon.colcon_core.executor:Executing jobs using 'parallel' executor
[0.543s] DEBUG:colcon.colcon_parallel_executor.executor.parallel:run_until_complete
[0.543s] INFO:colcon.colcon_ros.task.ament_cmake.build:Building ROS package in '/home/ubuntu/SDE_Interview_Prep/ROS2.0_Chess/src/player' with build type 'ament_cmake'
[0.543s] INFO:colcon.colcon_cmake.task.cmake.build:Building CMake package in '/home/ubuntu/SDE_Interview_Prep/ROS2.0_Chess/src/player'
[0.548s] INFO:colcon.colcon_core.plugin_system:Skipping extension 'colcon_core.shell.bat': Not used on non-Windows systems
[0.552s] INFO:colcon.colcon_core.shell:Skip shell extension 'powershell' for command environment: Not usable outside of PowerShell
[0.552s] DEBUG:colcon.colcon_core.shell:Skip shell extension 'dsv' for command environment
[0.563s] DEBUG:colcon.colcon_core.event_handler.log_command:Invoking command in '/home/ubuntu/SDE_Interview_Prep/ROS2.0_Chess/build/player': CMAKE_PREFIX_PATH=${CMAKE_PREFIX_PATH}:/opt/ros/humble /usr/bin/cmake /home/ubuntu/SDE_Interview_Prep/ROS2.0_Chess/src/player -DCMAKE_INSTALL_PREFIX=/home/ubuntu/SDE_Interview_Prep/ROS2.0_Chess/install/player
[2.731s] DEBUG:colcon.colcon_core.event_handler.log_command:Invoked command in '/home/ubuntu/SDE_Interview_Prep/ROS2.0_Chess/build/player' returned '1': CMAKE_PREFIX_PATH=${CMAKE_PREFIX_PATH}:/opt/ros/humble /usr/bin/cmake /home/ubuntu/SDE_Interview_Prep/ROS2.0_Chess/src/player -DCMAKE_INSTALL_PREFIX=/home/ubuntu/SDE_Interview_Prep/ROS2.0_Chess/install/player
[2.743s] Level 1:colcon.colcon_core.environment:create_environment_scripts_only(player)
[2.749s] Level 1:colcon.colcon_core.environment:checking '/home/ubuntu/SDE_Interview_Prep/ROS2.0_Chess/install/player' for CMake module files
[2.750s] Level 1:colcon.colcon_core.environment:checking '/home/ubuntu/SDE_Interview_Prep/ROS2.0_Chess/install/player' for CMake config files
[2.751s] Level 1:colcon.colcon_core.environment:checking '/home/ubuntu/SDE_Interview_Prep/ROS2.0_Chess/install/player/bin'
[2.751s] Level 1:colcon.colcon_core.environment:checking '/home/ubuntu/SDE_Interview_Prep/ROS2.0_Chess/install/player/lib/pkgconfig/player.pc'
[2.752s] Level 1:colcon.colcon_core.environment:checking '/home/ubuntu/SDE_Interview_Prep/ROS2.0_Chess/install/player/lib/python3.10/site-packages'
[2.752s] Level 1:colcon.colcon_core.environment:checking '/home/ubuntu/SDE_Interview_Prep/ROS2.0_Chess/install/player/bin'
[2.754s] INFO:colcon.colcon_core.shell:Creating package script '/home/ubuntu/SDE_Interview_Prep/ROS2.0_Chess/install/player/share/player/package.ps1'
[2.756s] INFO:colcon.colcon_core.shell:Creating package descriptor '/home/ubuntu/SDE_Interview_Prep/ROS2.0_Chess/install/player/share/player/package.dsv'
[2.756s] INFO:colcon.colcon_core.shell:Creating package script '/home/ubuntu/SDE_Interview_Prep/ROS2.0_Chess/install/player/share/player/package.sh'
[2.757s] INFO:colcon.colcon_core.shell:Creating package script '/home/ubuntu/SDE_Interview_Prep/ROS2.0_Chess/install/player/share/player/package.bash'
[2.758s] INFO:colcon.colcon_core.shell:Creating package script '/home/ubuntu/SDE_Interview_Prep/ROS2.0_Chess/install/player/share/player/package.zsh'
[2.759s] Level 1:colcon.colcon_core.environment:create_file_with_runtime_dependencies(/home/ubuntu/SDE_Interview_Prep/ROS2.0_Chess/install/player/share/colcon-core/packages/player)
[2.761s] DEBUG:colcon.colcon_parallel_executor.executor.parallel:closing loop
[2.762s] DEBUG:colcon.colcon_parallel_executor.executor.parallel:loop closed
[2.762s] DEBUG:colcon.colcon_parallel_executor.executor.parallel:run_until_complete finished with '1'
[2.762s] DEBUG:colcon.colcon_core.event_reactor:joining thread
[2.771s] INFO:colcon.colcon_core.plugin_system:Skipping extension 'colcon_notification.desktop_notification.notify_send': Could not find 'notify-send'
[2.771s] INFO:colcon.colcon_core.plugin_system:Skipping extension 'colcon_notification.desktop_notification.terminal_notifier': Not used on non-Darwin systems
[2.772s] INFO:colcon.colcon_core.plugin_system:Skipping extension 'colcon_notification.desktop_notification.win32': Not used on non-Windows systems
[2.772s] INFO:colcon.colcon_notification.desktop_notification:Sending desktop notification using 'notify2'
[2.773s] DEBUG:colcon.colcon_notification.desktop_notification.notify2:Failed to initialize notify2: org.freedesktop.DBus.Error.ServiceUnknown: The name org.freedesktop.Notifications was not provided by any .service files
[2.773s] DEBUG:colcon.colcon_core.event_reactor:joined thread
[2.775s] INFO:colcon.colcon_core.shell:Creating prefix script '/home/ubuntu/SDE_Interview_Prep/ROS2.0_Chess/install/local_setup.ps1'
[2.776s] INFO:colcon.colcon_core.shell:Creating prefix util module '/home/ubuntu/SDE_Interview_Prep/ROS2.0_Chess/install/_local_setup_util_ps1.py'
[2.778s] INFO:colcon.colcon_core.shell:Creating prefix chain script '/home/ubuntu/SDE_Interview_Prep/ROS2.0_Chess/install/setup.ps1'
[2.780s] INFO:colcon.colcon_core.shell:Creating prefix script '/home/ubuntu/SDE_Interview_Prep/ROS2.0_Chess/install/local_setup.sh'
[2.780s] INFO:colcon.colcon_core.shell:Creating prefix util module '/home/ubuntu/SDE_Interview_Prep/ROS2.0_Chess/install/_local_setup_util_sh.py'
[2.781s] INFO:colcon.colcon_core.shell:Creating prefix chain script '/home/ubuntu/SDE_Interview_Prep/ROS2.0_Chess/install/setup.sh'
[2.783s] INFO:colcon.colcon_core.shell:Creating prefix script '/home/ubuntu/SDE_Interview_Prep/ROS2.0_Chess/install/local_setup.bash'
[2.783s] INFO:colcon.colcon_core.shell:Creating prefix chain script '/home/ubuntu/SDE_Interview_Prep/ROS2.0_Chess/install/setup.bash'
[2.785s] INFO:colcon.colcon_core.shell:Creating prefix script '/home/ubuntu/SDE_Interview_Prep/ROS2.0_Chess/install/local_setup.zsh'
[2.786s] INFO:colcon.colcon_core.shell:Creating prefix chain script '/home/ubuntu/SDE_Interview_Prep/ROS2.0_Chess/install/setup.zsh'
