[0.980s] DEBUG:colcon:Command line arguments: ['/usr/bin/colcon', 'list']
[0.980s] DEBUG:colcon:Parsed command line arguments: Namespace(log_base=None, log_level=None, verb_name='list', build_base='build', ignore_user_meta=False, metas=['./colcon.meta'], base_paths=['.'], packages_ignore=None, packages_ignore_regex=None, paths=None, packages_up_to=None, packages_up_to_regex=None, packages_above=None, packages_above_and_dependencies=None, packages_above_depth=None, packages_select_by_dep=None, packages_skip_by_dep=None, packages_skip_up_to=None, packages_select_build_failed=False, packages_skip_build_finished=False, packages_select_test_failures=False, packages_skip_test_passed=False, packages_select=None, packages_skip=None, packages_select_regex=None, packages_skip_regex=None, packages_start=None, packages_end=None, allow_overriding=[], topological_order=False, names_only=False, paths_only=False, topological_graph=False, topological_graph_dot=False, topological_graph_density=False, topological_graph_legend=False, topological_graph_dot_cluster=False, topological_graph_dot_include_skipped=False, verb_parser=<colcon_defaults.argument_parser.defaults.DefaultArgumentsDecorator object at 0x7f72b586df00>, verb_extension=<colcon_package_information.verb.list.ListVerb object at 0x7f72b5a68b80>, main=<bound method ListVerb.main of <colcon_package_information.verb.list.ListVerb object at 0x7f72b5a68b80>>)
[1.087s] Level 1:colcon.colcon_core.package_discovery:discover_packages(colcon_meta) check parameters
[1.087s] Level 1:colcon.colcon_core.package_discovery:discover_packages(recursive) check parameters
[1.087s] Level 1:colcon.colcon_core.package_discovery:discover_packages(ignore) check parameters
[1.087s] Level 1:colcon.colcon_core.package_discovery:discover_packages(path) check parameters
[1.087s] Level 1:colcon.colcon_core.package_discovery:discover_packages(colcon_meta) discover
[1.088s] Level 1:colcon.colcon_core.package_discovery:discover_packages(recursive) discover
[1.088s] INFO:colcon.colcon_core.package_discovery:Crawling recursively for packages in '/home/ubuntu/SDE_Interview_Prep/ROS2.0_Chess'
[1.088s] Level 1:colcon.colcon_core.package_identification:_identify(.) by extensions ['ignore', 'ignore_ament_install']
[1.088s] Level 1:colcon.colcon_core.package_identification:_identify(.) by extension 'ignore'
[1.088s] Level 1:colcon.colcon_core.package_identification:_identify(.) by extension 'ignore_ament_install'
[1.088s] Level 1:colcon.colcon_core.package_identification:_identify(.) by extensions ['colcon_pkg']
[1.088s] Level 1:colcon.colcon_core.package_identification:_identify(.) by extension 'colcon_pkg'
[1.088s] Level 1:colcon.colcon_core.package_identification:_identify(.) by extensions ['colcon_meta']
[1.089s] Level 1:colcon.colcon_core.package_identification:_identify(.) by extension 'colcon_meta'
[1.089s] Level 1:colcon.colcon_core.package_identification:_identify(.) by extensions ['ros']
[1.089s] Level 1:colcon.colcon_core.package_identification:_identify(.) by extension 'ros'
[1.104s] Level 1:colcon.colcon_core.package_identification:_identify(.) by extensions ['cmake', 'python']
[1.104s] Level 1:colcon.colcon_core.package_identification:_identify(.) by extension 'cmake'
[1.104s] Level 1:colcon.colcon_core.package_identification:_identify(.) by extension 'python'
[1.104s] Level 1:colcon.colcon_core.package_identification:_identify(.) by extensions ['python_setup_py']
[1.104s] Level 1:colcon.colcon_core.package_identification:_identify(.) by extension 'python_setup_py'
[1.104s] Level 1:colcon.colcon_core.package_identification:_identify(build) by extensions ['ignore', 'ignore_ament_install']
[1.104s] Level 1:colcon.colcon_core.package_identification:_identify(build) by extension 'ignore'
[1.105s] Level 1:colcon.colcon_core.package_identification:_identify(build) ignored
[1.105s] Level 1:colcon.colcon_core.package_identification:_identify(install) by extensions ['ignore', 'ignore_ament_install']
[1.105s] Level 1:colcon.colcon_core.package_identification:_identify(install) by extension 'ignore'
[1.105s] Level 1:colcon.colcon_core.package_identification:_identify(install) ignored
[1.105s] Level 1:colcon.colcon_core.package_identification:_identify(log) by extensions ['ignore', 'ignore_ament_install']
[1.105s] Level 1:colcon.colcon_core.package_identification:_identify(log) by extension 'ignore'
[1.105s] Level 1:colcon.colcon_core.package_identification:_identify(log) ignored
[1.106s] Level 1:colcon.colcon_core.package_identification:_identify(src) by extensions ['ignore', 'ignore_ament_install']
[1.106s] Level 1:colcon.colcon_core.package_identification:_identify(src) by extension 'ignore'
[1.106s] Level 1:colcon.colcon_core.package_identification:_identify(src) by extension 'ignore_ament_install'
[1.106s] Level 1:colcon.colcon_core.package_identification:_identify(src) by extensions ['colcon_pkg']
[1.106s] Level 1:colcon.colcon_core.package_identification:_identify(src) by extension 'colcon_pkg'
[1.106s] Level 1:colcon.colcon_core.package_identification:_identify(src) by extensions ['colcon_meta']
[1.106s] Level 1:colcon.colcon_core.package_identification:_identify(src) by extension 'colcon_meta'
[1.106s] Level 1:colcon.colcon_core.package_identification:_identify(src) by extensions ['ros']
[1.106s] Level 1:colcon.colcon_core.package_identification:_identify(src) by extension 'ros'
[1.107s] Level 1:colcon.colcon_core.package_identification:_identify(src) by extensions ['cmake', 'python']
[1.107s] Level 1:colcon.colcon_core.package_identification:_identify(src) by extension 'cmake'
[1.107s] Level 1:colcon.colcon_core.package_identification:_identify(src) by extension 'python'
[1.107s] Level 1:colcon.colcon_core.package_identification:_identify(src) by extensions ['python_setup_py']
[1.107s] Level 1:colcon.colcon_core.package_identification:_identify(src) by extension 'python_setup_py'
[1.107s] Level 1:colcon.colcon_core.package_identification:_identify(src/player) by extensions ['ignore', 'ignore_ament_install']
[1.107s] Level 1:colcon.colcon_core.package_identification:_identify(src/player) by extension 'ignore'
[1.107s] Level 1:colcon.colcon_core.package_identification:_identify(src/player) by extension 'ignore_ament_install'
[1.108s] Level 1:colcon.colcon_core.package_identification:_identify(src/player) by extensions ['colcon_pkg']
[1.108s] Level 1:colcon.colcon_core.package_identification:_identify(src/player) by extension 'colcon_pkg'
[1.108s] Level 1:colcon.colcon_core.package_identification:_identify(src/player) by extensions ['colcon_meta']
[1.108s] Level 1:colcon.colcon_core.package_identification:_identify(src/player) by extension 'colcon_meta'
[1.108s] Level 1:colcon.colcon_core.package_identification:_identify(src/player) by extensions ['ros']
[1.108s] Level 1:colcon.colcon_core.package_identification:_identify(src/player) by extension 'ros'
[1.111s] DEBUG:colcon.colcon_core.package_identification:Package 'src/player' with type 'ros.ament_cmake' and name 'player'
[1.111s] Level 1:colcon.colcon_core.package_identification:_identify(src/stockfish) by extensions ['ignore', 'ignore_ament_install']
[1.112s] Level 1:colcon.colcon_core.package_identification:_identify(src/stockfish) by extension 'ignore'
[1.112s] Level 1:colcon.colcon_core.package_identification:_identify(src/stockfish) by extension 'ignore_ament_install'
[1.112s] Level 1:colcon.colcon_core.package_identification:_identify(src/stockfish) by extensions ['colcon_pkg']
[1.112s] Level 1:colcon.colcon_core.package_identification:_identify(src/stockfish) by extension 'colcon_pkg'
[1.112s] Level 1:colcon.colcon_core.package_identification:_identify(src/stockfish) by extensions ['colcon_meta']
[1.112s] Level 1:colcon.colcon_core.package_identification:_identify(src/stockfish) by extension 'colcon_meta'
[1.112s] Level 1:colcon.colcon_core.package_identification:_identify(src/stockfish) by extensions ['ros']
[1.112s] Level 1:colcon.colcon_core.package_identification:_identify(src/stockfish) by extension 'ros'
[1.113s] DEBUG:colcon.colcon_core.package_identification:Package 'src/stockfish' with type 'ros.ament_cmake' and name 'stockfish'
[1.113s] Level 1:colcon.colcon_core.package_discovery:discover_packages(recursive) using defaults
[1.113s] Level 1:colcon.colcon_core.package_discovery:discover_packages(ignore) discover
[1.113s] Level 1:colcon.colcon_core.package_discovery:discover_packages(ignore) using defaults
[1.114s] Level 1:colcon.colcon_core.package_discovery:discover_packages(path) discover
[1.114s] Level 1:colcon.colcon_core.package_discovery:discover_packages(path) using defaults
