[0.032s] Invoking command in '/home/ubuntu/SDE_Interview_Prep/ROS2.0_Chess/build/stockfish': CMAKE_PREFIX_PATH=/opt/ros/humble /usr/bin/cmake /home/ubuntu/SDE_Interview_Prep/ROS2.0_Chess/src/stockfish -DCMAKE_INSTALL_PREFIX=/home/ubuntu/SDE_Interview_Prep/ROS2.0_Chess/install/stockfish
[0.648s] -- The C compiler identification is GNU 11.3.0
[0.818s] -- The CXX compiler identification is unknown
[0.845s] -- Detecting C compiler ABI info
[0.952s] -- Detecting C compiler ABI info - done
[0.963s] -- Check for working C compiler: /usr/bin/cc - skipped
[0.964s] -- Detecting C compile features
[0.967s] -- Detecting C compile features - done
[0.968s] [31mCMake Error at CMakeLists.txt:2 (project):
[0.968s]   No CMAKE_CXX_COMPILER could be found.
[0.968s] 
[0.968s]   Tell CMake where to find the compiler by setting either the environment
[0.969s]   variable "CXX" or the CMake cache entry CMAKE_CXX_COMPILER to the full path
[0.969s]   to the compiler, or to the compiler name if it is in the PATH.
[0.969s] 
[0.969s] [0m
[0.972s] -- Configuring incomplete, errors occurred!
[0.972s] See also "/home/ubuntu/SDE_Interview_Prep/ROS2.0_Chess/build/stockfish/CMakeFiles/CMakeOutput.log".
[0.973s] See also "/home/ubuntu/SDE_Interview_Prep/ROS2.0_Chess/build/stockfish/CMakeFiles/CMakeError.log".
[0.981s] Invoked command in '/home/ubuntu/SDE_Interview_Prep/ROS2.0_Chess/build/stockfish' returned '1': CMAKE_PREFIX_PATH=/opt/ros/humble /usr/bin/cmake /home/ubuntu/SDE_Interview_Prep/ROS2.0_Chess/src/stockfish -DCMAKE_INSTALL_PREFIX=/home/ubuntu/SDE_Interview_Prep/ROS2.0_Chess/install/stockfish
