[0.024s] Invoking command in '/home/ubuntu/SDE_Interview_Prep/ROS2.0_Chess/build/stockfish': CMAKE_PREFIX_PATH=/opt/ros/humble /usr/bin/cmake /home/ubuntu/SDE_Interview_Prep/ROS2.0_Chess/src/stockfish -DCMAKE_INSTALL_PREFIX=/home/ubuntu/SDE_Interview_Prep/ROS2.0_Chess/install/stockfish
[0.180s] -- The CXX compiler identification is GNU 11.3.0
[0.209s] -- Detecting CXX compiler ABI info
[0.328s] -- Detecting CXX compiler ABI info - done
[0.339s] -- Check for working CXX compiler: /usr/bin/c++ - skipped
[0.340s] -- Detecting CXX compile features
[0.341s] -- Detecting CXX compile features - done
[0.370s] -- Found ament_cmake: 1.3.2 (/opt/ros/humble/share/ament_cmake/cmake)
[0.631s] -- Found Python3: /usr/bin/python3.10 (found version "3.10.6") found components: Interpreter 
[0.836s] -- Found ament_lint_auto: 0.12.4 (/opt/ros/humble/share/ament_lint_auto/cmake)
[0.982s] -- Added test 'lint_cmake' to check CMake code style
[0.986s] -- Added test 'xmllint' to check XML markup files
[0.991s] -- Configuring done
[1.000s] -- Generating done
[1.003s] -- Build files have been written to: /home/ubuntu/SDE_Interview_Prep/ROS2.0_Chess/build/stockfish
[1.009s] Invoked command in '/home/ubuntu/SDE_Interview_Prep/ROS2.0_Chess/build/stockfish' returned '0': CMAKE_PREFIX_PATH=/opt/ros/humble /usr/bin/cmake /home/ubuntu/SDE_Interview_Prep/ROS2.0_Chess/src/stockfish -DCMAKE_INSTALL_PREFIX=/home/ubuntu/SDE_Interview_Prep/ROS2.0_Chess/install/stockfish
[1.010s] Invoking command in '/home/ubuntu/SDE_Interview_Prep/ROS2.0_Chess/build/stockfish': CMAKE_PREFIX_PATH=/opt/ros/humble /usr/bin/cmake --build /home/ubuntu/SDE_Interview_Prep/ROS2.0_Chess/build/stockfish -- -j1 -l1
[1.049s] Invoked command in '/home/ubuntu/SDE_Interview_Prep/ROS2.0_Chess/build/stockfish' returned '0': CMAKE_PREFIX_PATH=/opt/ros/humble /usr/bin/cmake --build /home/ubuntu/SDE_Interview_Prep/ROS2.0_Chess/build/stockfish -- -j1 -l1
[1.086s] Invoking command in '/home/ubuntu/SDE_Interview_Prep/ROS2.0_Chess/build/stockfish': CMAKE_PREFIX_PATH=/opt/ros/humble /usr/bin/cmake --install /home/ubuntu/SDE_Interview_Prep/ROS2.0_Chess/build/stockfish
[1.095s] -- Install configuration: ""
[1.096s] -- Installing: /home/ubuntu/SDE_Interview_Prep/ROS2.0_Chess/install/stockfish/share/ament_index/resource_index/package_run_dependencies/stockfish
[1.097s] -- Installing: /home/ubuntu/SDE_Interview_Prep/ROS2.0_Chess/install/stockfish/share/ament_index/resource_index/parent_prefix_path/stockfish
[1.097s] -- Installing: /home/ubuntu/SDE_Interview_Prep/ROS2.0_Chess/install/stockfish/share/stockfish/environment/ament_prefix_path.sh
[1.098s] -- Installing: /home/ubuntu/SDE_Interview_Prep/ROS2.0_Chess/install/stockfish/share/stockfish/environment/ament_prefix_path.dsv
[1.099s] -- Installing: /home/ubuntu/SDE_Interview_Prep/ROS2.0_Chess/install/stockfish/share/stockfish/environment/path.sh
[1.099s] -- Installing: /home/ubuntu/SDE_Interview_Prep/ROS2.0_Chess/install/stockfish/share/stockfish/environment/path.dsv
[1.100s] -- Installing: /home/ubuntu/SDE_Interview_Prep/ROS2.0_Chess/install/stockfish/share/stockfish/local_setup.bash
[1.100s] -- Installing: /home/ubuntu/SDE_Interview_Prep/ROS2.0_Chess/install/stockfish/share/stockfish/local_setup.sh
[1.101s] -- Installing: /home/ubuntu/SDE_Interview_Prep/ROS2.0_Chess/install/stockfish/share/stockfish/local_setup.zsh
[1.102s] -- Installing: /home/ubuntu/SDE_Interview_Prep/ROS2.0_Chess/install/stockfish/share/stockfish/local_setup.dsv
[1.103s] -- Installing: /home/ubuntu/SDE_Interview_Prep/ROS2.0_Chess/install/stockfish/share/stockfish/package.dsv
[1.104s] -- Installing: /home/ubuntu/SDE_Interview_Prep/ROS2.0_Chess/install/stockfish/share/ament_index/resource_index/packages/stockfish
[1.105s] -- Installing: /home/ubuntu/SDE_Interview_Prep/ROS2.0_Chess/install/stockfish/share/stockfish/cmake/stockfishConfig.cmake
[1.105s] -- Installing: /home/ubuntu/SDE_Interview_Prep/ROS2.0_Chess/install/stockfish/share/stockfish/cmake/stockfishConfig-version.cmake
[1.106s] -- Installing: /home/ubuntu/SDE_Interview_Prep/ROS2.0_Chess/install/stockfish/share/stockfish/package.xml
[1.109s] Invoked command in '/home/ubuntu/SDE_Interview_Prep/ROS2.0_Chess/build/stockfish' returned '0': CMAKE_PREFIX_PATH=/opt/ros/humble /usr/bin/cmake --install /home/ubuntu/SDE_Interview_Prep/ROS2.0_Chess/build/stockfish
